<?xml version="1.0" encoding="UTF-8"?>
<testsuite xmlns:xsi="http://www.w3.org/2001/XMLSchema-instance" xsi:noNamespaceSchemaLocation="https://maven.apache.org/surefire/maven-surefire-plugin/xsd/surefire-test-report.xsd" name="org.hyway.messge.mq.AppTest" time="0.001" tests="1" errors="0" skipped="0" failures="0">
  <properties>
    <property name="sun.desktop" value="windows"/>
    <property name="awt.toolkit" value="sun.awt.windows.WToolkit"/>
    <property name="file.encoding.pkg" value="sun.io"/>
    <property name="java.specification.version" value="1.8"/>
    <property name="sun.cpu.isalist" value="amd64"/>
    <property name="sun.jnu.encoding" value="GBK"/>
    <property name="java.class.path" value="E:\develop\project\hyway\hyway-service\hyway-messge-mq\target\test-classes;E:\develop\project\hyway\hyway-service\hyway-messge-mq\target\classes;E:\develop\mavenRespoistry\junit\junit\3.8.1\junit-3.8.1.jar;E:\develop\mavenRespoistry\org\springframework\cloud\spring-cloud-starter-netflix-eureka-client\2.1.0.RELEASE\spring-cloud-starter-netflix-eureka-client-2.1.0.RELEASE.jar;E:\develop\mavenRespoistry\org\springframework\cloud\spring-cloud-starter\2.1.0.RELEASE\spring-cloud-starter-2.1.0.RELEASE.jar;E:\develop\mavenRespoistry\org\springframework\boot\spring-boot-starter\2.1.3.RELEASE\spring-boot-starter-2.1.3.RELEASE.jar;E:\develop\mavenRespoistry\org\springframework\boot\spring-boot\2.1.3.RELEASE\spring-boot-2.1.3.RELEASE.jar;E:\develop\mavenRespoistry\org\springframework\spring-context\5.1.5.RELEASE\spring-context-5.1.5.RELEASE.jar;E:\develop\mavenRespoistry\org\springframework\spring-expression\5.1.5.RELEASE\spring-expression-5.1.5.RELEASE.jar;E:\develop\mavenRespoistry\org\springframework\boot\spring-boot-starter-logging\2.1.3.RELEASE\spring-boot-starter-logging-2.1.3.RELEASE.jar;E:\develop\mavenRespoistry\ch\qos\logback\logback-classic\1.2.3\logback-classic-1.2.3.jar;E:\develop\mavenRespoistry\ch\qos\logback\logback-core\1.2.3\logback-core-1.2.3.jar;E:\develop\mavenRespoistry\org\apache\logging\log4j\log4j-to-slf4j\2.11.2\log4j-to-slf4j-2.11.2.jar;E:\develop\mavenRespoistry\org\apache\logging\log4j\log4j-api\2.11.2\log4j-api-2.11.2.jar;E:\develop\mavenRespoistry\org\slf4j\jul-to-slf4j\1.7.25\jul-to-slf4j-1.7.25.jar;E:\develop\mavenRespoistry\javax\annotation\javax.annotation-api\1.3.2\javax.annotation-api-1.3.2.jar;E:\develop\mavenRespoistry\org\yaml\snakeyaml\1.23\snakeyaml-1.23.jar;E:\develop\mavenRespoistry\org\springframework\cloud\spring-cloud-context\2.1.0.RELEASE\spring-cloud-context-2.1.0.RELEASE.jar;E:\develop\mavenRespoistry\org\springframework\security\spring-security-rsa\1.0.7.RELEASE\spring-security-rsa-1.0.7.RELEASE.jar;E:\develop\mavenRespoistry\org\bouncycastle\bcpkix-jdk15on\1.60\bcpkix-jdk15on-1.60.jar;E:\develop\mavenRespoistry\org\bouncycastle\bcprov-jdk15on\1.60\bcprov-jdk15on-1.60.jar;E:\develop\mavenRespoistry\org\springframework\cloud\spring-cloud-netflix-hystrix\2.1.0.RELEASE\spring-cloud-netflix-hystrix-2.1.0.RELEASE.jar;E:\develop\mavenRespoistry\org\springframework\boot\spring-boot-autoconfigure\2.1.3.RELEASE\spring-boot-autoconfigure-2.1.3.RELEASE.jar;E:\develop\mavenRespoistry\org\springframework\boot\spring-boot-starter-aop\2.1.3.RELEASE\spring-boot-starter-aop-2.1.3.RELEASE.jar;E:\develop\mavenRespoistry\org\springframework\spring-aop\5.1.5.RELEASE\spring-aop-5.1.5.RELEASE.jar;E:\develop\mavenRespoistry\org\aspectj\aspectjweaver\1.9.2\aspectjweaver-1.9.2.jar;E:\develop\mavenRespoistry\org\springframework\cloud\spring-cloud-netflix-eureka-client\2.1.0.RELEASE\spring-cloud-netflix-eureka-client-2.1.0.RELEASE.jar;E:\develop\mavenRespoistry\com\netflix\eureka\eureka-client\1.9.8\eureka-client-1.9.8.jar;E:\develop\mavenRespoistry\org\codehaus\jettison\jettison\1.3.7\jettison-1.3.7.jar;E:\develop\mavenRespoistry\stax\stax-api\1.0.1\stax-api-1.0.1.jar;E:\develop\mavenRespoistry\com\netflix\netflix-commons\netflix-eventbus\0.3.0\netflix-eventbus-0.3.0.jar;E:\develop\mavenRespoistry\com\netflix\netflix-commons\netflix-infix\0.3.0\netflix-infix-0.3.0.jar;E:\develop\mavenRespoistry\commons-jxpath\commons-jxpath\1.3\commons-jxpath-1.3.jar;E:\develop\mavenRespoistry\joda-time\joda-time\2.10.1\joda-time-2.10.1.jar;E:\develop\mavenRespoistry\org\antlr\antlr-runtime\3.4\antlr-runtime-3.4.jar;E:\develop\mavenRespoistry\org\antlr\stringtemplate\3.2.1\stringtemplate-3.2.1.jar;E:\develop\mavenRespoistry\antlr\antlr\2.7.7\antlr-2.7.7.jar;E:\develop\mavenRespoistry\com\google\code\gson\gson\2.8.5\gson-2.8.5.jar;E:\develop\mavenRespoistry\org\apache\commons\commons-math\2.2\commons-math-2.2.jar;E:\develop\mavenRespoistry\com\netflix\archaius\archaius-core\0.7.6\archaius-core-0.7.6.jar;E:\develop\mavenRespoistry\com\google\guava\guava\16.0\guava-16.0.jar;E:\develop\mavenRespoistry\javax\ws\rs\jsr311-api\1.1.1\jsr311-api-1.1.1.jar;E:\develop\mavenRespoistry\com\netflix\servo\servo-core\0.12.21\servo-core-0.12.21.jar;E:\develop\mavenRespoistry\com\sun\jersey\jersey-core\1.19.1\jersey-core-1.19.1.jar;E:\develop\mavenRespoistry\com\sun\jersey\jersey-client\1.19.1\jersey-client-1.19.1.jar;E:\develop\mavenRespoistry\com\sun\jersey\contribs\jersey-apache-client4\1.19.1\jersey-apache-client4-1.19.1.jar;E:\develop\mavenRespoistry\org\apache\httpcomponents\httpclient\4.5.1\httpclient-4.5.1.jar;E:\develop\mavenRespoistry\org\apache\httpcomponents\httpcore\4.4.11\httpcore-4.4.11.jar;E:\develop\mavenRespoistry\commons-codec\commons-codec\1.12\commons-codec-1.12.jar;E:\develop\mavenRespoistry\com\google\inject\guice\4.1.0\guice-4.1.0.jar;E:\develop\mavenRespoistry\javax\inject\javax.inject\1\javax.inject-1.jar;E:\develop\mavenRespoistry\aopalliance\aopalliance\1.0\aopalliance-1.0.jar;E:\develop\mavenRespoistry\com\github\vlsi\compactmap\compactmap\1.2.1\compactmap-1.2.1.jar;E:\develop\mavenRespoistry\com\github\andrewoma\dexx\dexx-collections\0.2\dexx-collections-0.2.jar;E:\develop\mavenRespoistry\com\fasterxml\jackson\core\jackson-annotations\2.9.0\jackson-annotations-2.9.0.jar;E:\develop\mavenRespoistry\com\fasterxml\jackson\core\jackson-core\2.9.8\jackson-core-2.9.8.jar;E:\develop\mavenRespoistry\com\netflix\eureka\eureka-core\1.9.8\eureka-core-1.9.8.jar;E:\develop\mavenRespoistry\org\codehaus\woodstox\woodstox-core-asl\4.4.1\woodstox-core-asl-4.4.1.jar;E:\develop\mavenRespoistry\javax\xml\stream\stax-api\1.0-2\stax-api-1.0-2.jar;E:\develop\mavenRespoistry\org\codehaus\woodstox\stax2-api\3.1.4\stax2-api-3.1.4.jar;E:\develop\mavenRespoistry\org\springframework\cloud\spring-cloud-starter-netflix-archaius\2.1.0.RELEASE\spring-cloud-starter-netflix-archaius-2.1.0.RELEASE.jar;E:\develop\mavenRespoistry\org\springframework\cloud\spring-cloud-netflix-ribbon\2.1.0.RELEASE\spring-cloud-netflix-ribbon-2.1.0.RELEASE.jar;E:\develop\mavenRespoistry\org\springframework\cloud\spring-cloud-netflix-archaius\2.1.0.RELEASE\spring-cloud-netflix-archaius-2.1.0.RELEASE.jar;E:\develop\mavenRespoistry\commons-configuration\commons-configuration\1.8\commons-configuration-1.8.jar;E:\develop\mavenRespoistry\commons-lang\commons-lang\2.6\commons-lang-2.6.jar;E:\develop\mavenRespoistry\org\springframework\cloud\spring-cloud-starter-netflix-ribbon\2.1.0.RELEASE\spring-cloud-starter-netflix-ribbon-2.1.0.RELEASE.jar;E:\develop\mavenRespoistry\com\netflix\ribbon\ribbon\2.3.0\ribbon-2.3.0.jar;E:\develop\mavenRespoistry\com\netflix\ribbon\ribbon-transport\2.3.0\ribbon-transport-2.3.0.jar;E:\develop\mavenRespoistry\io\reactivex\rxnetty-contexts\0.4.9\rxnetty-contexts-0.4.9.jar;E:\develop\mavenRespoistry\io\reactivex\rxnetty-servo\0.4.9\rxnetty-servo-0.4.9.jar;E:\develop\mavenRespoistry\io\reactivex\rxnetty\0.4.9\rxnetty-0.4.9.jar;E:\develop\mavenRespoistry\com\netflix\ribbon\ribbon-core\2.3.0\ribbon-core-2.3.0.jar;E:\develop\mavenRespoistry\com\netflix\ribbon\ribbon-httpclient\2.3.0\ribbon-httpclient-2.3.0.jar;E:\develop\mavenRespoistry\commons-collections\commons-collections\3.2.2\commons-collections-3.2.2.jar;E:\develop\mavenRespoistry\com\netflix\netflix-commons\netflix-commons-util\0.3.0\netflix-commons-util-0.3.0.jar;E:\develop\mavenRespoistry\com\netflix\ribbon\ribbon-loadbalancer\2.3.0\ribbon-loadbalancer-2.3.0.jar;E:\develop\mavenRespoistry\com\netflix\netflix-commons\netflix-statistics\0.1.1\netflix-statistics-0.1.1.jar;E:\develop\mavenRespoistry\io\reactivex\rxjava\1.3.8\rxjava-1.3.8.jar;E:\develop\mavenRespoistry\com\netflix\ribbon\ribbon-eureka\2.3.0\ribbon-eureka-2.3.0.jar;E:\develop\mavenRespoistry\org\slf4j\slf4j-api\1.7.25\slf4j-api-1.7.25.jar;E:\develop\mavenRespoistry\com\thoughtworks\xstream\xstream\1.4.10\xstream-1.4.10.jar;E:\develop\mavenRespoistry\xmlpull\xmlpull\1.1.3.1\xmlpull-1.1.3.1.jar;E:\develop\mavenRespoistry\xpp3\xpp3_min\1.1.4c\xpp3_min-1.1.4c.jar;E:\develop\mavenRespoistry\org\springframework\cloud\spring-cloud-starter-openfeign\2.1.0.RELEASE\spring-cloud-starter-openfeign-2.1.0.RELEASE.jar;E:\develop\mavenRespoistry\org\springframework\cloud\spring-cloud-openfeign-core\2.1.0.RELEASE\spring-cloud-openfeign-core-2.1.0.RELEASE.jar;E:\develop\mavenRespoistry\io\github\openfeign\form\feign-form-spring\3.5.0\feign-form-spring-3.5.0.jar;E:\develop\mavenRespoistry\io\github\openfeign\form\feign-form\3.5.0\feign-form-3.5.0.jar;E:\develop\mavenRespoistry\commons-fileupload\commons-fileupload\1.3.3\commons-fileupload-1.3.3.jar;E:\develop\mavenRespoistry\commons-io\commons-io\2.2\commons-io-2.2.jar;E:\develop\mavenRespoistry\org\springframework\spring-web\5.1.5.RELEASE\spring-web-5.1.5.RELEASE.jar;E:\develop\mavenRespoistry\org\springframework\spring-beans\5.1.5.RELEASE\spring-beans-5.1.5.RELEASE.jar;E:\develop\mavenRespoistry\org\springframework\spring-core\5.1.5.RELEASE\spring-core-5.1.5.RELEASE.jar;E:\develop\mavenRespoistry\org\springframework\spring-jcl\5.1.5.RELEASE\spring-jcl-5.1.5.RELEASE.jar;E:\develop\mavenRespoistry\org\springframework\cloud\spring-cloud-commons\2.1.0.RELEASE\spring-cloud-commons-2.1.0.RELEASE.jar;E:\develop\mavenRespoistry\org\springframework\security\spring-security-crypto\5.1.4.RELEASE\spring-security-crypto-5.1.4.RELEASE.jar;E:\develop\mavenRespoistry\io\github\openfeign\feign-core\10.1.0\feign-core-10.1.0.jar;E:\develop\mavenRespoistry\io\github\openfeign\feign-slf4j\10.1.0\feign-slf4j-10.1.0.jar;E:\develop\mavenRespoistry\io\github\openfeign\feign-hystrix\10.1.0\feign-hystrix-10.1.0.jar;E:\develop\mavenRespoistry\com\netflix\hystrix\hystrix-core\1.5.18\hystrix-core-1.5.18.jar;E:\develop\mavenRespoistry\org\hdrhistogram\HdrHistogram\2.1.9\HdrHistogram-2.1.9.jar;E:\develop\mavenRespoistry\org\springframework\cloud\spring-cloud-starter-config\2.1.0.RELEASE\spring-cloud-starter-config-2.1.0.RELEASE.jar;E:\develop\mavenRespoistry\org\springframework\cloud\spring-cloud-config-client\2.1.0.RELEASE\spring-cloud-config-client-2.1.0.RELEASE.jar;E:\develop\mavenRespoistry\com\fasterxml\jackson\core\jackson-databind\2.9.8\jackson-databind-2.9.8.jar;"/>
    <property name="java.vm.vendor" value="Oracle Corporation"/>
    <property name="sun.arch.data.model" value="64"/>
    <property name="user.variant" value=""/>
    <property name="java.vendor.url" value="http://java.oracle.com/"/>
    <property name="user.timezone" value="Asia/Shanghai"/>
    <property name="java.vm.specification.version" value="1.8"/>
    <property name="os.name" value="Windows 7"/>
    <property name="user.country" value="CN"/>
    <property name="sun.java.launcher" value="SUN_STANDARD"/>
    <property name="sun.boot.library.path" value="D:\Program Files\Java\jdk1.8.0_191\jre\bin"/>
    <property name="sun.java.command" value="C:\Users\ADMINI~1\AppData\Local\Temp\surefire4124691246082614144\surefirebooter2167824861909154128.jar C:\Users\Administrator\AppData\Local\Temp\surefire4124691246082614144 2019-03-20T15-21-21_078-jvmRun1 surefire1665576054270576171tmp surefire_14753745956732420104tmp"/>
    <property name="surefire.test.class.path" value="E:\develop\project\hyway\hyway-service\hyway-messge-mq\target\test-classes;E:\develop\project\hyway\hyway-service\hyway-messge-mq\target\classes;E:\develop\mavenRespoistry\junit\junit\3.8.1\junit-3.8.1.jar;E:\develop\mavenRespoistry\org\springframework\cloud\spring-cloud-starter-netflix-eureka-client\2.1.0.RELEASE\spring-cloud-starter-netflix-eureka-client-2.1.0.RELEASE.jar;E:\develop\mavenRespoistry\org\springframework\cloud\spring-cloud-starter\2.1.0.RELEASE\spring-cloud-starter-2.1.0.RELEASE.jar;E:\develop\mavenRespoistry\org\springframework\boot\spring-boot-starter\2.1.3.RELEASE\spring-boot-starter-2.1.3.RELEASE.jar;E:\develop\mavenRespoistry\org\springframework\boot\spring-boot\2.1.3.RELEASE\spring-boot-2.1.3.RELEASE.jar;E:\develop\mavenRespoistry\org\springframework\spring-context\5.1.5.RELEASE\spring-context-5.1.5.RELEASE.jar;E:\develop\mavenRespoistry\org\springframework\spring-expression\5.1.5.RELEASE\spring-expression-5.1.5.RELEASE.jar;E:\develop\mavenRespoistry\org\springframework\boot\spring-boot-starter-logging\2.1.3.RELEASE\spring-boot-starter-logging-2.1.3.RELEASE.jar;E:\develop\mavenRespoistry\ch\qos\logback\logback-classic\1.2.3\logback-classic-1.2.3.jar;E:\develop\mavenRespoistry\ch\qos\logback\logback-core\1.2.3\logback-core-1.2.3.jar;E:\develop\mavenRespoistry\org\apache\logging\log4j\log4j-to-slf4j\2.11.2\log4j-to-slf4j-2.11.2.jar;E:\develop\mavenRespoistry\org\apache\logging\log4j\log4j-api\2.11.2\log4j-api-2.11.2.jar;E:\develop\mavenRespoistry\org\slf4j\jul-to-slf4j\1.7.25\jul-to-slf4j-1.7.25.jar;E:\develop\mavenRespoistry\javax\annotation\javax.annotation-api\1.3.2\javax.annotation-api-1.3.2.jar;E:\develop\mavenRespoistry\org\yaml\snakeyaml\1.23\snakeyaml-1.23.jar;E:\develop\mavenRespoistry\org\springframework\cloud\spring-cloud-context\2.1.0.RELEASE\spring-cloud-context-2.1.0.RELEASE.jar;E:\develop\mavenRespoistry\org\springframework\security\spring-security-rsa\1.0.7.RELEASE\spring-security-rsa-1.0.7.RELEASE.jar;E:\develop\mavenRespoistry\org\bouncycastle\bcpkix-jdk15on\1.60\bcpkix-jdk15on-1.60.jar;E:\develop\mavenRespoistry\org\bouncycastle\bcprov-jdk15on\1.60\bcprov-jdk15on-1.60.jar;E:\develop\mavenRespoistry\org\springframework\cloud\spring-cloud-netflix-hystrix\2.1.0.RELEASE\spring-cloud-netflix-hystrix-2.1.0.RELEASE.jar;E:\develop\mavenRespoistry\org\springframework\boot\spring-boot-autoconfigure\2.1.3.RELEASE\spring-boot-autoconfigure-2.1.3.RELEASE.jar;E:\develop\mavenRespoistry\org\springframework\boot\spring-boot-starter-aop\2.1.3.RELEASE\spring-boot-starter-aop-2.1.3.RELEASE.jar;E:\develop\mavenRespoistry\org\springframework\spring-aop\5.1.5.RELEASE\spring-aop-5.1.5.RELEASE.jar;E:\develop\mavenRespoistry\org\aspectj\aspectjweaver\1.9.2\aspectjweaver-1.9.2.jar;E:\develop\mavenRespoistry\org\springframework\cloud\spring-cloud-netflix-eureka-client\2.1.0.RELEASE\spring-cloud-netflix-eureka-client-2.1.0.RELEASE.jar;E:\develop\mavenRespoistry\com\netflix\eureka\eureka-client\1.9.8\eureka-client-1.9.8.jar;E:\develop\mavenRespoistry\org\codehaus\jettison\jettison\1.3.7\jettison-1.3.7.jar;E:\develop\mavenRespoistry\stax\stax-api\1.0.1\stax-api-1.0.1.jar;E:\develop\mavenRespoistry\com\netflix\netflix-commons\netflix-eventbus\0.3.0\netflix-eventbus-0.3.0.jar;E:\develop\mavenRespoistry\com\netflix\netflix-commons\netflix-infix\0.3.0\netflix-infix-0.3.0.jar;E:\develop\mavenRespoistry\commons-jxpath\commons-jxpath\1.3\commons-jxpath-1.3.jar;E:\develop\mavenRespoistry\joda-time\joda-time\2.10.1\joda-time-2.10.1.jar;E:\develop\mavenRespoistry\org\antlr\antlr-runtime\3.4\antlr-runtime-3.4.jar;E:\develop\mavenRespoistry\org\antlr\stringtemplate\3.2.1\stringtemplate-3.2.1.jar;E:\develop\mavenRespoistry\antlr\antlr\2.7.7\antlr-2.7.7.jar;E:\develop\mavenRespoistry\com\google\code\gson\gson\2.8.5\gson-2.8.5.jar;E:\develop\mavenRespoistry\org\apache\commons\commons-math\2.2\commons-math-2.2.jar;E:\develop\mavenRespoistry\com\netflix\archaius\archaius-core\0.7.6\archaius-core-0.7.6.jar;E:\develop\mavenRespoistry\com\google\guava\guava\16.0\guava-16.0.jar;E:\develop\mavenRespoistry\javax\ws\rs\jsr311-api\1.1.1\jsr311-api-1.1.1.jar;E:\develop\mavenRespoistry\com\netflix\servo\servo-core\0.12.21\servo-core-0.12.21.jar;E:\develop\mavenRespoistry\com\sun\jersey\jersey-core\1.19.1\jersey-core-1.19.1.jar;E:\develop\mavenRespoistry\com\sun\jersey\jersey-client\1.19.1\jersey-client-1.19.1.jar;E:\develop\mavenRespoistry\com\sun\jersey\contribs\jersey-apache-client4\1.19.1\jersey-apache-client4-1.19.1.jar;E:\develop\mavenRespoistry\org\apache\httpcomponents\httpclient\4.5.1\httpclient-4.5.1.jar;E:\develop\mavenRespoistry\org\apache\httpcomponents\httpcore\4.4.11\httpcore-4.4.11.jar;E:\develop\mavenRespoistry\commons-codec\commons-codec\1.12\commons-codec-1.12.jar;E:\develop\mavenRespoistry\com\google\inject\guice\4.1.0\guice-4.1.0.jar;E:\develop\mavenRespoistry\javax\inject\javax.inject\1\javax.inject-1.jar;E:\develop\mavenRespoistry\aopalliance\aopalliance\1.0\aopalliance-1.0.jar;E:\develop\mavenRespoistry\com\github\vlsi\compactmap\compactmap\1.2.1\compactmap-1.2.1.jar;E:\develop\mavenRespoistry\com\github\andrewoma\dexx\dexx-collections\0.2\dexx-collections-0.2.jar;E:\develop\mavenRespoistry\com\fasterxml\jackson\core\jackson-annotations\2.9.0\jackson-annotations-2.9.0.jar;E:\develop\mavenRespoistry\com\fasterxml\jackson\core\jackson-core\2.9.8\jackson-core-2.9.8.jar;E:\develop\mavenRespoistry\com\netflix\eureka\eureka-core\1.9.8\eureka-core-1.9.8.jar;E:\develop\mavenRespoistry\org\codehaus\woodstox\woodstox-core-asl\4.4.1\woodstox-core-asl-4.4.1.jar;E:\develop\mavenRespoistry\javax\xml\stream\stax-api\1.0-2\stax-api-1.0-2.jar;E:\develop\mavenRespoistry\org\codehaus\woodstox\stax2-api\3.1.4\stax2-api-3.1.4.jar;E:\develop\mavenRespoistry\org\springframework\cloud\spring-cloud-starter-netflix-archaius\2.1.0.RELEASE\spring-cloud-starter-netflix-archaius-2.1.0.RELEASE.jar;E:\develop\mavenRespoistry\org\springframework\cloud\spring-cloud-netflix-ribbon\2.1.0.RELEASE\spring-cloud-netflix-ribbon-2.1.0.RELEASE.jar;E:\develop\mavenRespoistry\org\springframework\cloud\spring-cloud-netflix-archaius\2.1.0.RELEASE\spring-cloud-netflix-archaius-2.1.0.RELEASE.jar;E:\develop\mavenRespoistry\commons-configuration\commons-configuration\1.8\commons-configuration-1.8.jar;E:\develop\mavenRespoistry\commons-lang\commons-lang\2.6\commons-lang-2.6.jar;E:\develop\mavenRespoistry\org\springframework\cloud\spring-cloud-starter-netflix-ribbon\2.1.0.RELEASE\spring-cloud-starter-netflix-ribbon-2.1.0.RELEASE.jar;E:\develop\mavenRespoistry\com\netflix\ribbon\ribbon\2.3.0\ribbon-2.3.0.jar;E:\develop\mavenRespoistry\com\netflix\ribbon\ribbon-transport\2.3.0\ribbon-transport-2.3.0.jar;E:\develop\mavenRespoistry\io\reactivex\rxnetty-contexts\0.4.9\rxnetty-contexts-0.4.9.jar;E:\develop\mavenRespoistry\io\reactivex\rxnetty-servo\0.4.9\rxnetty-servo-0.4.9.jar;E:\develop\mavenRespoistry\io\reactivex\rxnetty\0.4.9\rxnetty-0.4.9.jar;E:\develop\mavenRespoistry\com\netflix\ribbon\ribbon-core\2.3.0\ribbon-core-2.3.0.jar;E:\develop\mavenRespoistry\com\netflix\ribbon\ribbon-httpclient\2.3.0\ribbon-httpclient-2.3.0.jar;E:\develop\mavenRespoistry\commons-collections\commons-collections\3.2.2\commons-collections-3.2.2.jar;E:\develop\mavenRespoistry\com\netflix\netflix-commons\netflix-commons-util\0.3.0\netflix-commons-util-0.3.0.jar;E:\develop\mavenRespoistry\com\netflix\ribbon\ribbon-loadbalancer\2.3.0\ribbon-loadbalancer-2.3.0.jar;E:\develop\mavenRespoistry\com\netflix\netflix-commons\netflix-statistics\0.1.1\netflix-statistics-0.1.1.jar;E:\develop\mavenRespoistry\io\reactivex\rxjava\1.3.8\rxjava-1.3.8.jar;E:\develop\mavenRespoistry\com\netflix\ribbon\ribbon-eureka\2.3.0\ribbon-eureka-2.3.0.jar;E:\develop\mavenRespoistry\org\slf4j\slf4j-api\1.7.25\slf4j-api-1.7.25.jar;E:\develop\mavenRespoistry\com\thoughtworks\xstream\xstream\1.4.10\xstream-1.4.10.jar;E:\develop\mavenRespoistry\xmlpull\xmlpull\1.1.3.1\xmlpull-1.1.3.1.jar;E:\develop\mavenRespoistry\xpp3\xpp3_min\1.1.4c\xpp3_min-1.1.4c.jar;E:\develop\mavenRespoistry\org\springframework\cloud\spring-cloud-starter-openfeign\2.1.0.RELEASE\spring-cloud-starter-openfeign-2.1.0.RELEASE.jar;E:\develop\mavenRespoistry\org\springframework\cloud\spring-cloud-openfeign-core\2.1.0.RELEASE\spring-cloud-openfeign-core-2.1.0.RELEASE.jar;E:\develop\mavenRespoistry\io\github\openfeign\form\feign-form-spring\3.5.0\feign-form-spring-3.5.0.jar;E:\develop\mavenRespoistry\io\github\openfeign\form\feign-form\3.5.0\feign-form-3.5.0.jar;E:\develop\mavenRespoistry\commons-fileupload\commons-fileupload\1.3.3\commons-fileupload-1.3.3.jar;E:\develop\mavenRespoistry\commons-io\commons-io\2.2\commons-io-2.2.jar;E:\develop\mavenRespoistry\org\springframework\spring-web\5.1.5.RELEASE\spring-web-5.1.5.RELEASE.jar;E:\develop\mavenRespoistry\org\springframework\spring-beans\5.1.5.RELEASE\spring-beans-5.1.5.RELEASE.jar;E:\develop\mavenRespoistry\org\springframework\spring-core\5.1.5.RELEASE\spring-core-5.1.5.RELEASE.jar;E:\develop\mavenRespoistry\org\springframework\spring-jcl\5.1.5.RELEASE\spring-jcl-5.1.5.RELEASE.jar;E:\develop\mavenRespoistry\org\springframework\cloud\spring-cloud-commons\2.1.0.RELEASE\spring-cloud-commons-2.1.0.RELEASE.jar;E:\develop\mavenRespoistry\org\springframework\security\spring-security-crypto\5.1.4.RELEASE\spring-security-crypto-5.1.4.RELEASE.jar;E:\develop\mavenRespoistry\io\github\openfeign\feign-core\10.1.0\feign-core-10.1.0.jar;E:\develop\mavenRespoistry\io\github\openfeign\feign-slf4j\10.1.0\feign-slf4j-10.1.0.jar;E:\develop\mavenRespoistry\io\github\openfeign\feign-hystrix\10.1.0\feign-hystrix-10.1.0.jar;E:\develop\mavenRespoistry\com\netflix\hystrix\hystrix-core\1.5.18\hystrix-core-1.5.18.jar;E:\develop\mavenRespoistry\org\hdrhistogram\HdrHistogram\2.1.9\HdrHistogram-2.1.9.jar;E:\develop\mavenRespoistry\org\springframework\cloud\spring-cloud-starter-config\2.1.0.RELEASE\spring-cloud-starter-config-2.1.0.RELEASE.jar;E:\develop\mavenRespoistry\org\springframework\cloud\spring-cloud-config-client\2.1.0.RELEASE\spring-cloud-config-client-2.1.0.RELEASE.jar;E:\develop\mavenRespoistry\com\fasterxml\jackson\core\jackson-databind\2.9.8\jackson-databind-2.9.8.jar;"/>
    <property name="sun.cpu.endian" value="little"/>
    <property name="user.home" value="C:\Users\Administrator"/>
    <property name="user.language" value="zh"/>
    <property name="java.specification.vendor" value="Oracle Corporation"/>
    <property name="java.home" value="D:\Program Files\Java\jdk1.8.0_191\jre"/>
    <property name="basedir" value="E:\develop\project\hyway\hyway-service\hyway-messge-mq"/>
    <property name="file.separator" value="\"/>
    <property name="line.separator" value="&#10;"/>
    <property name="java.vm.specification.vendor" value="Oracle Corporation"/>
    <property name="java.specification.name" value="Java Platform API Specification"/>
    <property name="java.awt.graphicsenv" value="sun.awt.Win32GraphicsEnvironment"/>
    <property name="surefire.real.class.path" value="C:\Users\ADMINI~1\AppData\Local\Temp\surefire4124691246082614144\surefirebooter2167824861909154128.jar"/>
    <property name="sun.boot.class.path" value="D:\Program Files\Java\jdk1.8.0_191\jre\lib\resources.jar;D:\Program Files\Java\jdk1.8.0_191\jre\lib\rt.jar;D:\Program Files\Java\jdk1.8.0_191\jre\lib\sunrsasign.jar;D:\Program Files\Java\jdk1.8.0_191\jre\lib\jsse.jar;D:\Program Files\Java\jdk1.8.0_191\jre\lib\jce.jar;D:\Program Files\Java\jdk1.8.0_191\jre\lib\charsets.jar;D:\Program Files\Java\jdk1.8.0_191\jre\lib\jfr.jar;D:\Program Files\Java\jdk1.8.0_191\jre\classes"/>
    <property name="user.script" value=""/>
    <property name="sun.management.compiler" value="HotSpot 64-Bit Tiered Compilers"/>
    <property name="java.runtime.version" value="1.8.0_191-b12"/>
    <property name="user.name" value="Administrator"/>
    <property name="path.separator" value=";"/>
    <property name="os.version" value="6.1"/>
    <property name="java.endorsed.dirs" value="D:\Program Files\Java\jdk1.8.0_191\jre\lib\endorsed"/>
    <property name="java.runtime.name" value="Java(TM) SE Runtime Environment"/>
    <property name="file.encoding" value="GBK"/>
    <property name="java.vm.name" value="Java HotSpot(TM) 64-Bit Server VM"/>
    <property name="localRepository" value="E:\develop\mavenRespoistry"/>
    <property name="java.vendor.url.bug" value="http://bugreport.sun.com/bugreport/"/>
    <property name="java.io.tmpdir" value="C:\Users\ADMINI~1\AppData\Local\Temp\"/>
    <property name="java.version" value="1.8.0_191"/>
    <property name="user.dir" value="E:\develop\project\hyway\hyway-service\hyway-messge-mq"/>
    <property name="os.arch" value="amd64"/>
    <property name="java.vm.specification.name" value="Java Virtual Machine Specification"/>
    <property name="java.awt.printerjob" value="sun.awt.windows.WPrinterJob"/>
    <property name="sun.os.patch.level" value="Service Pack 1"/>
    <property name="java.library.path" value="D:\Program Files\Java\jdk1.8.0_191\jre\bin;C:\Windows\Sun\Java\bin;C:\Windows\system32;C:\Windows;D:/Program Files/Java/jdk1.8.0_191/bin/../jre/bin/server;D:/Program Files/Java/jdk1.8.0_191/bin/../jre/bin;D:/Program Files/Java/jdk1.8.0_191/bin/../jre/lib/amd64;C:\Program Files\Broadcom\Broadcom 802.11 Network Adapter\Driver;C:\Windows\system32;C:\Windows;C:\Windows\System32\Wbem;C:\Windows\System32\WindowsPowerShell\v1.0\;C:\Program Files (x86)\Intel\OpenCL SDK\3.0\bin\x86;C:\Program Files (x86)\Intel\OpenCL SDK\3.0\bin\x64;C:\Program Files (x86)\NVIDIA Corporation\PhysX\Common;C:\Program Files\Git\cmd;D:\Program Files\TortoiseSVN\bin;D:\Program Files (x86)\nodejs\;C:\Program Files\Lenovo\Bluetooth Software\;C:\Program Files\Lenovo\Bluetooth Software\syswow64;C:\Users\Administrator\AppData\Roaming\npm;D:\Program Files\Java\jdk1.8.0_191\bin;D:\Program Files (x86)\Microsoft VS Code\bin;E:\develop\eclipse;;."/>
    <property name="java.vm.info" value="mixed mode"/>
    <property name="java.vendor" value="Oracle Corporation"/>
    <property name="java.vm.version" value="25.191-b12"/>
    <property name="java.ext.dirs" value="D:\Program Files\Java\jdk1.8.0_191\jre\lib\ext;C:\Windows\Sun\Java\lib\ext"/>
    <property name="sun.io.unicode.encoding" value="UnicodeLittle"/>
    <property name="java.class.version" value="52.0"/>
  </properties>
  <testcase name="testApp" classname="org.hyway.messge.mq.AppTest" time="0"/>
</testsuite>