<?xml version="1.0" encoding="UTF-8"?>
<testsuite xmlns:xsi="http://www.w3.org/2001/XMLSchema-instance" xsi:noNamespaceSchemaLocation="https://maven.apache.org/surefire/maven-surefire-plugin/xsd/surefire-test-report.xsd" name="org.hyway.messge.mq.AppTest" time="0.009" tests="1" errors="0" skipped="0" failures="0">
  <properties>
    <property name="sun.desktop" value="windows"/>
    <property name="awt.toolkit" value="sun.awt.windows.WToolkit"/>
    <property name="file.encoding.pkg" value="sun.io"/>
    <property name="java.specification.version" value="1.8"/>
    <property name="sun.cpu.isalist" value="amd64"/>
    <property name="sun.jnu.encoding" value="GBK"/>
    <property name="java.class.path" value="D:\soft\workspace\hyway\hyway-service\hyway-messge-mq\target\test-classes;D:\soft\workspace\hyway\hyway-service\hyway-messge-mq\target\classes;D:\soft\mavenResp\junit\junit\3.8.1\junit-3.8.1.jar;"/>
    <property name="java.vm.vendor" value="Oracle Corporation"/>
    <property name="sun.arch.data.model" value="64"/>
    <property name="user.variant" value=""/>
    <property name="java.vendor.url" value="http://java.oracle.com/"/>
    <property name="user.timezone" value="Asia/Shanghai"/>
    <property name="java.vm.specification.version" value="1.8"/>
    <property name="os.name" value="Windows 10"/>
    <property name="user.country" value="CN"/>
    <property name="sun.java.launcher" value="SUN_STANDARD"/>
    <property name="sun.boot.library.path" value="D:\Program Files (x86)\java\jre\bin"/>
    <property name="sun.java.command" value="C:\Users\way\AppData\Local\Temp\surefire4049512936152563585\surefirebooter7630543665094622068.jar C:\Users\way\AppData\Local\Temp\surefire4049512936152563585 2019-09-29T14-41-13_320-jvmRun1 surefire8099318551618882043tmp surefire_14498527364680901741tmp"/>
    <property name="surefire.test.class.path" value="D:\soft\workspace\hyway\hyway-service\hyway-messge-mq\target\test-classes;D:\soft\workspace\hyway\hyway-service\hyway-messge-mq\target\classes;D:\soft\mavenResp\junit\junit\3.8.1\junit-3.8.1.jar;"/>
    <property name="sun.cpu.endian" value="little"/>
    <property name="user.home" value="C:\Users\way"/>
    <property name="user.language" value="zh"/>
    <property name="java.specification.vendor" value="Oracle Corporation"/>
    <property name="idea.version2019.2.2" value="true"/>
    <property name="java.home" value="D:\Program Files (x86)\java\jre"/>
    <property name="basedir" value="D:\soft\workspace\hyway\hyway-service\hyway-messge-mq"/>
    <property name="file.separator" value="\"/>
    <property name="line.separator" value="&#10;"/>
    <property name="java.vm.specification.vendor" value="Oracle Corporation"/>
    <property name="java.specification.name" value="Java Platform API Specification"/>
    <property name="java.awt.graphicsenv" value="sun.awt.Win32GraphicsEnvironment"/>
    <property name="surefire.real.class.path" value="C:\Users\way\AppData\Local\Temp\surefire4049512936152563585\surefirebooter7630543665094622068.jar"/>
    <property name="sun.boot.class.path" value="D:\Program Files (x86)\java\jre\lib\resources.jar;D:\Program Files (x86)\java\jre\lib\rt.jar;D:\Program Files (x86)\java\jre\lib\sunrsasign.jar;D:\Program Files (x86)\java\jre\lib\jsse.jar;D:\Program Files (x86)\java\jre\lib\jce.jar;D:\Program Files (x86)\java\jre\lib\charsets.jar;D:\Program Files (x86)\java\jre\lib\jfr.jar;D:\Program Files (x86)\java\jre\classes"/>
    <property name="user.script" value=""/>
    <property name="sun.management.compiler" value="HotSpot 64-Bit Tiered Compilers"/>
    <property name="java.runtime.version" value="1.8.0_92-b14"/>
    <property name="user.name" value="way"/>
    <property name="path.separator" value=";"/>
    <property name="os.version" value="10.0"/>
    <property name="java.endorsed.dirs" value="D:\Program Files (x86)\java\jre\lib\endorsed"/>
    <property name="java.runtime.name" value="Java(TM) SE Runtime Environment"/>
    <property name="file.encoding" value="GBK"/>
    <property name="java.vm.name" value="Java HotSpot(TM) 64-Bit Server VM"/>
    <property name="localRepository" value="D:\soft\mavenResp"/>
    <property name="java.vendor.url.bug" value="http://bugreport.sun.com/bugreport/"/>
    <property name="java.io.tmpdir" value="C:\Users\way\AppData\Local\Temp\"/>
    <property name="java.version" value="1.8.0_92"/>
    <property name="user.dir" value="D:\soft\workspace\hyway\hyway-service\hyway-messge-mq"/>
    <property name="os.arch" value="amd64"/>
    <property name="java.vm.specification.name" value="Java Virtual Machine Specification"/>
    <property name="java.awt.printerjob" value="sun.awt.windows.WPrinterJob"/>
    <property name="sun.os.patch.level" value=""/>
    <property name="java.library.path" value="D:\Program Files (x86)\java\jre\bin;C:\WINDOWS\Sun\Java\bin;C:\WINDOWS\system32;C:\WINDOWS;C:\Program Files (x86)\Razer\ChromaBroadcast\bin;C:\Program Files\Razer\ChromaBroadcast\bin;D:\Program Files (x86)\NetSarang\Xshell 6\;C:\Windows\system32;C:\Windows;C:\Windows\System32\Wbem;C:\Windows\System32\WindowsPowerShell\v1.0\;C:\Program Files (x86)\NVIDIA Corporation\PhysX\Common;D:\Program Files (x86)\nodejs\;D:\Program Files (x86)\Git\cmd;C:\Program Files (x86)\Common Files\Thunder Network\KanKan\Codecs;C:\WINDOWS\system32;C:\WINDOWS;C:\WINDOWS\System32\Wbem;C:\WINDOWS\System32\WindowsPowerShell\v1.0\;C:\WINDOWS\System32\OpenSSH\;D:\Program Files (x86)\java\bin;C:\Users\way\AppData\Local\Programs\Microsoft VS Code\bin;D:\Program Files (x86)\Microsoft VS Code\bin;C:\Users\way\AppData\Local\Microsoft\WindowsApps;C:\Users\way\AppData\Local\BypassRuntm;D:\Program Files (x86)\java\bin;C:\Users\way\AppData\Local\Programs\Microsoft VS Code\bin;D:\Program Files (x86)\Microsoft VS Code\bin;C:\Users\way\AppData\Local\Microsoft\WindowsApps;C:\Users\way\AppData\Local\BypassRuntm;D:\Program Files (x86)\Bandzip\;."/>
    <property name="java.vm.info" value="mixed mode"/>
    <property name="java.vendor" value="Oracle Corporation"/>
    <property name="java.vm.version" value="25.92-b14"/>
    <property name="java.ext.dirs" value="D:\Program Files (x86)\java\jre\lib\ext;C:\WINDOWS\Sun\Java\lib\ext"/>
    <property name="sun.io.unicode.encoding" value="UnicodeLittle"/>
    <property name="java.class.version" value="52.0"/>
  </properties>
  <testcase name="testApp" classname="org.hyway.messge.mq.AppTest" time="0.001"/>
</testsuite>