<?xml version="1.0" encoding="UTF-8"?>
<testsuite xmlns:xsi="http://www.w3.org/2001/XMLSchema-instance" xsi:noNamespaceSchemaLocation="https://maven.apache.org/surefire/maven-surefire-plugin/xsd/surefire-test-report.xsd" name="org.hyway.messge.mq.AppTest" time="0.009" tests="1" errors="0" skipped="0" failures="0">
  <properties>
    <property name="sun.desktop" value="windows"/>
    <property name="awt.toolkit" value="sun.awt.windows.WToolkit"/>
    <property name="file.encoding.pkg" value="sun.io"/>
    <property name="java.specification.version" value="1.8"/>
    <property name="sun.cpu.isalist" value="amd64"/>
    <property name="sun.jnu.encoding" value="GBK"/>
    <property name="java.class.path" value="E:\develop\project\hyway\hyway-service\hyway-messge-mq\target\test-classes;E:\develop\project\hyway\hyway-service\hyway-messge-mq\target\classes;E:\develop\mavenRespoistry\junit\junit\3.8.1\junit-3.8.1.jar;"/>
    <property name="java.vm.vendor" value="Oracle Corporation"/>
    <property name="sun.arch.data.model" value="64"/>
    <property name="user.variant" value=""/>
    <property name="java.vendor.url" value="http://java.oracle.com/"/>
    <property name="user.timezone" value="Asia/Shanghai"/>
    <property name="java.vm.specification.version" value="1.8"/>
    <property name="os.name" value="Windows 10"/>
    <property name="user.country" value="CN"/>
    <property name="sun.java.launcher" value="SUN_STANDARD"/>
    <property name="sun.boot.library.path" value="D:\Program Files (x86)\Java\jdk1.8.0_191\jre\bin"/>
    <property name="sun.java.command" value="C:\Users\way\AppData\Local\Temp\surefire7301264403809393160\surefirebooter2288957906001574104.jar C:\Users\way\AppData\Local\Temp\surefire7301264403809393160 2019-05-17T13-35-39_500-jvmRun1 surefire7890125151124317332tmp surefire_13382829739788045983tmp"/>
    <property name="surefire.test.class.path" value="E:\develop\project\hyway\hyway-service\hyway-messge-mq\target\test-classes;E:\develop\project\hyway\hyway-service\hyway-messge-mq\target\classes;E:\develop\mavenRespoistry\junit\junit\3.8.1\junit-3.8.1.jar;"/>
    <property name="sun.cpu.endian" value="little"/>
    <property name="user.home" value="C:\Users\way"/>
    <property name="user.language" value="zh"/>
    <property name="java.specification.vendor" value="Oracle Corporation"/>
    <property name="java.home" value="D:\Program Files (x86)\Java\jdk1.8.0_191\jre"/>
    <property name="basedir" value="E:\develop\project\hyway\hyway-service\hyway-messge-mq"/>
    <property name="file.separator" value="\"/>
    <property name="line.separator" value="&#10;"/>
    <property name="java.vm.specification.vendor" value="Oracle Corporation"/>
    <property name="java.specification.name" value="Java Platform API Specification"/>
    <property name="java.awt.graphicsenv" value="sun.awt.Win32GraphicsEnvironment"/>
    <property name="surefire.real.class.path" value="C:\Users\way\AppData\Local\Temp\surefire7301264403809393160\surefirebooter2288957906001574104.jar"/>
    <property name="sun.boot.class.path" value="D:\Program Files (x86)\Java\jdk1.8.0_191\jre\lib\resources.jar;D:\Program Files (x86)\Java\jdk1.8.0_191\jre\lib\rt.jar;D:\Program Files (x86)\Java\jdk1.8.0_191\jre\lib\sunrsasign.jar;D:\Program Files (x86)\Java\jdk1.8.0_191\jre\lib\jsse.jar;D:\Program Files (x86)\Java\jdk1.8.0_191\jre\lib\jce.jar;D:\Program Files (x86)\Java\jdk1.8.0_191\jre\lib\charsets.jar;D:\Program Files (x86)\Java\jdk1.8.0_191\jre\lib\jfr.jar;D:\Program Files (x86)\Java\jdk1.8.0_191\jre\classes"/>
    <property name="user.script" value=""/>
    <property name="sun.management.compiler" value="HotSpot 64-Bit Tiered Compilers"/>
    <property name="java.runtime.version" value="1.8.0_191-b12"/>
    <property name="user.name" value="way"/>
    <property name="path.separator" value=";"/>
    <property name="os.version" value="10.0"/>
    <property name="java.endorsed.dirs" value="D:\Program Files (x86)\Java\jdk1.8.0_191\jre\lib\endorsed"/>
    <property name="java.runtime.name" value="Java(TM) SE Runtime Environment"/>
    <property name="file.encoding" value="GBK"/>
    <property name="java.vm.name" value="Java HotSpot(TM) 64-Bit Server VM"/>
    <property name="localRepository" value="E:\develop\mavenRespoistry"/>
    <property name="java.vendor.url.bug" value="http://bugreport.sun.com/bugreport/"/>
    <property name="java.io.tmpdir" value="C:\Users\way\AppData\Local\Temp\"/>
    <property name="java.version" value="1.8.0_191"/>
    <property name="user.dir" value="E:\develop\project\hyway\hyway-service\hyway-messge-mq"/>
    <property name="os.arch" value="amd64"/>
    <property name="java.vm.specification.name" value="Java Virtual Machine Specification"/>
    <property name="java.awt.printerjob" value="sun.awt.windows.WPrinterJob"/>
    <property name="sun.os.patch.level" value=""/>
    <property name="java.library.path" value="D:\Program Files (x86)\Java\jdk1.8.0_191\jre\bin;C:\Windows\Sun\Java\bin;C:\Windows\system32;C:\Windows;D:\Program Files (x86)\Java\jdk1.8.0_191\jre\bin;D:/Program Files (x86)/Java/jdk11.0.3/bin/server;D:/Program Files (x86)/Java/jdk11.0.3/bin;C:\ProgramData\DockerDesktop\version-bin;C:\Program Files\Docker\Docker\Resources\bin;D:\Program Files (x86)\NetSarang\Xshell 6\;C:\Windows\system32;C:\Windows;C:\Windows\System32\Wbem;C:\Windows\System32\WindowsPowerShell\v1.0\;C:\Windows\System32\OpenSSH\;D:\Program Files (x86)\nodejs\;D:\Program Files (x86)\Git\cmd;C:\Users\way\AppData\Local\Microsoft\WindowsApps;C:\Users\way\AppData\Roaming\npm;D:\Program Files (x86)\Java\jdk11.0.3\bin;E:\develop\apache-maven-3.6.0\bin;;C:\eclipse;;."/>
    <property name="java.vm.info" value="mixed mode"/>
    <property name="java.vendor" value="Oracle Corporation"/>
    <property name="java.vm.version" value="25.191-b12"/>
    <property name="java.ext.dirs" value="D:\Program Files (x86)\Java\jdk1.8.0_191\jre\lib\ext;C:\Windows\Sun\Java\lib\ext"/>
    <property name="sun.io.unicode.encoding" value="UnicodeLittle"/>
    <property name="java.class.version" value="52.0"/>
  </properties>
  <testcase name="testApp" classname="org.hyway.messge.mq.AppTest" time="0.002"/>
</testsuite>