<?xml version="1.0" encoding="UTF-8"?>
<testsuite xmlns:xsi="http://www.w3.org/2001/XMLSchema-instance" xsi:noNamespaceSchemaLocation="https://maven.apache.org/surefire/maven-surefire-plugin/xsd/surefire-test-report.xsd" name="org.hyway.service.zipkin.AppTest" time="0.013" tests="1" errors="0" skipped="0" failures="0">
  <properties>
    <property name="sun.desktop" value="windows"/>
    <property name="awt.toolkit" value="sun.awt.windows.WToolkit"/>
    <property name="file.encoding.pkg" value="sun.io"/>
    <property name="java.specification.version" value="1.8"/>
    <property name="sun.cpu.isalist" value="amd64"/>
    <property name="sun.jnu.encoding" value="GBK"/>
    <property name="java.class.path" value="D:\soft\workspace\hyway\hyway-cloud\hyway-service-zipkin\target\test-classes;D:\soft\workspace\hyway\hyway-cloud\hyway-service-zipkin\target\classes;D:\soft\mavenResp\org\springframework\boot\spring-boot-starter-tomcat\2.1.3.RELEASE\spring-boot-starter-tomcat-2.1.3.RELEASE.jar;D:\soft\mavenResp\javax\annotation\javax.annotation-api\1.3.2\javax.annotation-api-1.3.2.jar;D:\soft\mavenResp\org\apache\tomcat\embed\tomcat-embed-core\9.0.16\tomcat-embed-core-9.0.16.jar;D:\soft\mavenResp\org\apache\tomcat\embed\tomcat-embed-el\9.0.16\tomcat-embed-el-9.0.16.jar;D:\soft\mavenResp\org\apache\tomcat\embed\tomcat-embed-websocket\9.0.16\tomcat-embed-websocket-9.0.16.jar;D:\soft\mavenResp\org\springframework\boot\spring-boot-starter-test\2.1.3.RELEASE\spring-boot-starter-test-2.1.3.RELEASE.jar;D:\soft\mavenResp\org\springframework\boot\spring-boot-starter\2.1.3.RELEASE\spring-boot-starter-2.1.3.RELEASE.jar;D:\soft\mavenResp\org\springframework\boot\spring-boot\2.1.3.RELEASE\spring-boot-2.1.3.RELEASE.jar;D:\soft\mavenResp\org\springframework\spring-context\5.1.5.RELEASE\spring-context-5.1.5.RELEASE.jar;D:\soft\mavenResp\org\springframework\boot\spring-boot-starter-logging\2.1.3.RELEASE\spring-boot-starter-logging-2.1.3.RELEASE.jar;D:\soft\mavenResp\ch\qos\logback\logback-classic\1.2.3\logback-classic-1.2.3.jar;D:\soft\mavenResp\ch\qos\logback\logback-core\1.2.3\logback-core-1.2.3.jar;D:\soft\mavenResp\org\apache\logging\log4j\log4j-to-slf4j\2.11.2\log4j-to-slf4j-2.11.2.jar;D:\soft\mavenResp\org\yaml\snakeyaml\1.23\snakeyaml-1.23.jar;D:\soft\mavenResp\org\springframework\boot\spring-boot-test\2.1.3.RELEASE\spring-boot-test-2.1.3.RELEASE.jar;D:\soft\mavenResp\org\springframework\boot\spring-boot-test-autoconfigure\2.1.3.RELEASE\spring-boot-test-autoconfigure-2.1.3.RELEASE.jar;D:\soft\mavenResp\com\jayway\jsonpath\json-path\2.4.0\json-path-2.4.0.jar;D:\soft\mavenResp\net\minidev\json-smart\2.3\json-smart-2.3.jar;D:\soft\mavenResp\net\minidev\accessors-smart\1.2\accessors-smart-1.2.jar;D:\soft\mavenResp\org\slf4j\slf4j-api\1.7.25\slf4j-api-1.7.25.jar;D:\soft\mavenResp\junit\junit\4.12\junit-4.12.jar;D:\soft\mavenResp\org\assertj\assertj-core\3.11.1\assertj-core-3.11.1.jar;D:\soft\mavenResp\org\mockito\mockito-core\2.23.4\mockito-core-2.23.4.jar;D:\soft\mavenResp\net\bytebuddy\byte-buddy\1.9.10\byte-buddy-1.9.10.jar;D:\soft\mavenResp\net\bytebuddy\byte-buddy-agent\1.9.10\byte-buddy-agent-1.9.10.jar;D:\soft\mavenResp\org\objenesis\objenesis\2.6\objenesis-2.6.jar;D:\soft\mavenResp\org\hamcrest\hamcrest-core\1.3\hamcrest-core-1.3.jar;D:\soft\mavenResp\org\hamcrest\hamcrest-library\1.3\hamcrest-library-1.3.jar;D:\soft\mavenResp\org\skyscreamer\jsonassert\1.5.0\jsonassert-1.5.0.jar;D:\soft\mavenResp\com\vaadin\external\google\android-json\0.0.20131108.vaadin1\android-json-0.0.20131108.vaadin1.jar;D:\soft\mavenResp\org\springframework\spring-core\5.1.5.RELEASE\spring-core-5.1.5.RELEASE.jar;D:\soft\mavenResp\org\springframework\spring-jcl\5.1.5.RELEASE\spring-jcl-5.1.5.RELEASE.jar;D:\soft\mavenResp\org\springframework\spring-test\5.1.5.RELEASE\spring-test-5.1.5.RELEASE.jar;D:\soft\mavenResp\org\xmlunit\xmlunit-core\2.6.2\xmlunit-core-2.6.2.jar;D:\soft\mavenResp\io\zipkin\java\zipkin-autoconfigure-ui\2.10.1\zipkin-autoconfigure-ui-2.10.1.jar;D:\soft\mavenResp\org\springframework\boot\spring-boot-starter-web\2.1.3.RELEASE\spring-boot-starter-web-2.1.3.RELEASE.jar;D:\soft\mavenResp\org\springframework\boot\spring-boot-starter-json\2.1.3.RELEASE\spring-boot-starter-json-2.1.3.RELEASE.jar;D:\soft\mavenResp\com\fasterxml\jackson\datatype\jackson-datatype-jdk8\2.9.8\jackson-datatype-jdk8-2.9.8.jar;D:\soft\mavenResp\com\fasterxml\jackson\datatype\jackson-datatype-jsr310\2.9.8\jackson-datatype-jsr310-2.9.8.jar;D:\soft\mavenResp\com\fasterxml\jackson\module\jackson-module-parameter-names\2.9.8\jackson-module-parameter-names-2.9.8.jar;D:\soft\mavenResp\org\hibernate\validator\hibernate-validator\6.0.14.Final\hibernate-validator-6.0.14.Final.jar;D:\soft\mavenResp\javax\validation\validation-api\2.0.1.Final\validation-api-2.0.1.Final.jar;D:\soft\mavenResp\org\jboss\logging\jboss-logging\3.3.2.Final\jboss-logging-3.3.2.Final.jar;D:\soft\mavenResp\com\fasterxml\classmate\1.4.0\classmate-1.4.0.jar;D:\soft\mavenResp\org\springframework\spring-webmvc\5.1.5.RELEASE\spring-webmvc-5.1.5.RELEASE.jar;D:\soft\mavenResp\org\springframework\spring-aop\5.1.5.RELEASE\spring-aop-5.1.5.RELEASE.jar;D:\soft\mavenResp\org\springframework\spring-expression\5.1.5.RELEASE\spring-expression-5.1.5.RELEASE.jar;D:\soft\mavenResp\io\zipkin\java\zipkin-ui\2.10.1\zipkin-ui-2.10.1.jar;D:\soft\mavenResp\org\jsoup\jsoup\1.11.3\jsoup-1.11.3.jar;D:\soft\mavenResp\org\springframework\boot\spring-boot-autoconfigure\2.1.3.RELEASE\spring-boot-autoconfigure-2.1.3.RELEASE.jar;D:\soft\mavenResp\io\zipkin\java\zipkin-server\2.10.1\zipkin-server-2.10.1.jar;D:\soft\mavenResp\org\springframework\boot\spring-boot-starter-log4j2\2.1.3.RELEASE\spring-boot-starter-log4j2-2.1.3.RELEASE.jar;D:\soft\mavenResp\org\apache\logging\log4j\log4j-slf4j-impl\2.11.2\log4j-slf4j-impl-2.11.2.jar;D:\soft\mavenResp\org\apache\logging\log4j\log4j-api\2.11.2\log4j-api-2.11.2.jar;D:\soft\mavenResp\org\apache\logging\log4j\log4j-core\2.11.2\log4j-core-2.11.2.jar;D:\soft\mavenResp\org\apache\logging\log4j\log4j-jul\2.11.2\log4j-jul-2.11.2.jar;D:\soft\mavenResp\org\slf4j\jul-to-slf4j\1.7.25\jul-to-slf4j-1.7.25.jar;D:\soft\mavenResp\org\springframework\boot\spring-boot-starter-undertow\2.1.3.RELEASE\spring-boot-starter-undertow-2.1.3.RELEASE.jar;D:\soft\mavenResp\io\undertow\undertow-core\2.0.17.Final\undertow-core-2.0.17.Final.jar;D:\soft\mavenResp\org\jboss\xnio\xnio-api\3.3.8.Final\xnio-api-3.3.8.Final.jar;D:\soft\mavenResp\org\jboss\xnio\xnio-nio\3.3.8.Final\xnio-nio-3.3.8.Final.jar;D:\soft\mavenResp\io\undertow\undertow-servlet\2.0.17.Final\undertow-servlet-2.0.17.Final.jar;D:\soft\mavenResp\org\jboss\spec\javax\annotation\jboss-annotations-api_1.2_spec\1.0.2.Final\jboss-annotations-api_1.2_spec-1.0.2.Final.jar;D:\soft\mavenResp\io\undertow\undertow-websockets-jsr\2.0.17.Final\undertow-websockets-jsr-2.0.17.Final.jar;D:\soft\mavenResp\org\jboss\spec\javax\websocket\jboss-websocket-api_1.1_spec\1.1.3.Final\jboss-websocket-api_1.1_spec-1.1.3.Final.jar;D:\soft\mavenResp\javax\servlet\javax.servlet-api\4.0.1\javax.servlet-api-4.0.1.jar;D:\soft\mavenResp\org\glassfish\javax.el\3.0.0\javax.el-3.0.0.jar;D:\soft\mavenResp\org\springframework\boot\spring-boot-starter-actuator\2.1.3.RELEASE\spring-boot-starter-actuator-2.1.3.RELEASE.jar;D:\soft\mavenResp\org\springframework\boot\spring-boot-actuator-autoconfigure\2.1.3.RELEASE\spring-boot-actuator-autoconfigure-2.1.3.RELEASE.jar;D:\soft\mavenResp\org\springframework\boot\spring-boot-actuator\2.1.3.RELEASE\spring-boot-actuator-2.1.3.RELEASE.jar;D:\soft\mavenResp\io\micrometer\micrometer-core\1.1.3\micrometer-core-1.1.3.jar;D:\soft\mavenResp\org\latencyutils\LatencyUtils\2.0.3\LatencyUtils-2.0.3.jar;D:\soft\mavenResp\io\zipkin\zipkin2\zipkin\2.10.1\zipkin-2.10.1.jar;D:\soft\mavenResp\io\zipkin\zipkin2\zipkin-collector\2.10.1\zipkin-collector-2.10.1.jar;D:\soft\mavenResp\io\zipkin\java\zipkin-autoconfigure-metrics-prometheus\2.10.1\zipkin-autoconfigure-metrics-prometheus-2.10.1.jar;D:\soft\mavenResp\io\micrometer\micrometer-registry-prometheus\1.1.3\micrometer-registry-prometheus-1.1.3.jar;D:\soft\mavenResp\io\prometheus\simpleclient_common\0.5.0\simpleclient_common-0.5.0.jar;D:\soft\mavenResp\io\prometheus\simpleclient\0.5.0\simpleclient-0.5.0.jar;D:\soft\mavenResp\org\springframework\cloud\spring-cloud-starter-netflix-eureka-client\2.1.0.RELEASE\spring-cloud-starter-netflix-eureka-client-2.1.0.RELEASE.jar;D:\soft\mavenResp\org\springframework\cloud\spring-cloud-starter\2.1.0.RELEASE\spring-cloud-starter-2.1.0.RELEASE.jar;D:\soft\mavenResp\org\springframework\cloud\spring-cloud-context\2.1.0.RELEASE\spring-cloud-context-2.1.0.RELEASE.jar;D:\soft\mavenResp\org\springframework\security\spring-security-rsa\1.0.7.RELEASE\spring-security-rsa-1.0.7.RELEASE.jar;D:\soft\mavenResp\org\bouncycastle\bcpkix-jdk15on\1.60\bcpkix-jdk15on-1.60.jar;D:\soft\mavenResp\org\bouncycastle\bcprov-jdk15on\1.60\bcprov-jdk15on-1.60.jar;D:\soft\mavenResp\org\springframework\cloud\spring-cloud-netflix-hystrix\2.1.0.RELEASE\spring-cloud-netflix-hystrix-2.1.0.RELEASE.jar;D:\soft\mavenResp\org\springframework\boot\spring-boot-starter-aop\2.1.3.RELEASE\spring-boot-starter-aop-2.1.3.RELEASE.jar;D:\soft\mavenResp\org\springframework\cloud\spring-cloud-netflix-eureka-client\2.1.0.RELEASE\spring-cloud-netflix-eureka-client-2.1.0.RELEASE.jar;D:\soft\mavenResp\com\netflix\eureka\eureka-client\1.9.8\eureka-client-1.9.8.jar;D:\soft\mavenResp\org\codehaus\jettison\jettison\1.3.7\jettison-1.3.7.jar;D:\soft\mavenResp\stax\stax-api\1.0.1\stax-api-1.0.1.jar;D:\soft\mavenResp\com\netflix\netflix-commons\netflix-eventbus\0.3.0\netflix-eventbus-0.3.0.jar;D:\soft\mavenResp\com\netflix\netflix-commons\netflix-infix\0.3.0\netflix-infix-0.3.0.jar;D:\soft\mavenResp\commons-jxpath\commons-jxpath\1.3\commons-jxpath-1.3.jar;D:\soft\mavenResp\joda-time\joda-time\2.10.1\joda-time-2.10.1.jar;D:\soft\mavenResp\org\antlr\antlr-runtime\3.4\antlr-runtime-3.4.jar;D:\soft\mavenResp\org\antlr\stringtemplate\3.2.1\stringtemplate-3.2.1.jar;D:\soft\mavenResp\antlr\antlr\2.7.7\antlr-2.7.7.jar;D:\soft\mavenResp\com\google\code\gson\gson\2.8.5\gson-2.8.5.jar;D:\soft\mavenResp\org\apache\commons\commons-math\2.2\commons-math-2.2.jar;D:\soft\mavenResp\com\netflix\archaius\archaius-core\0.7.6\archaius-core-0.7.6.jar;D:\soft\mavenResp\javax\ws\rs\jsr311-api\1.1.1\jsr311-api-1.1.1.jar;D:\soft\mavenResp\com\netflix\servo\servo-core\0.12.21\servo-core-0.12.21.jar;D:\soft\mavenResp\com\sun\jersey\jersey-core\1.19.1\jersey-core-1.19.1.jar;D:\soft\mavenResp\com\sun\jersey\jersey-client\1.19.1\jersey-client-1.19.1.jar;D:\soft\mavenResp\com\sun\jersey\contribs\jersey-apache-client4\1.19.1\jersey-apache-client4-1.19.1.jar;D:\soft\mavenResp\org\apache\httpcomponents\httpclient\4.5.1\httpclient-4.5.1.jar;D:\soft\mavenResp\org\apache\httpcomponents\httpcore\4.4.11\httpcore-4.4.11.jar;D:\soft\mavenResp\commons-codec\commons-codec\1.12\commons-codec-1.12.jar;D:\soft\mavenResp\com\google\inject\guice\4.1.0\guice-4.1.0.jar;D:\soft\mavenResp\javax\inject\javax.inject\1\javax.inject-1.jar;D:\soft\mavenResp\aopalliance\aopalliance\1.0\aopalliance-1.0.jar;D:\soft\mavenResp\com\github\vlsi\compactmap\compactmap\1.2.1\compactmap-1.2.1.jar;D:\soft\mavenResp\com\github\andrewoma\dexx\dexx-collections\0.2\dexx-collections-0.2.jar;D:\soft\mavenResp\com\fasterxml\jackson\core\jackson-annotations\2.9.0\jackson-annotations-2.9.0.jar;D:\soft\mavenResp\com\fasterxml\jackson\core\jackson-core\2.9.8\jackson-core-2.9.8.jar;D:\soft\mavenResp\com\netflix\eureka\eureka-core\1.9.8\eureka-core-1.9.8.jar;D:\soft\mavenResp\org\codehaus\woodstox\woodstox-core-asl\4.4.1\woodstox-core-asl-4.4.1.jar;D:\soft\mavenResp\javax\xml\stream\stax-api\1.0-2\stax-api-1.0-2.jar;D:\soft\mavenResp\org\codehaus\woodstox\stax2-api\3.1.4\stax2-api-3.1.4.jar;D:\soft\mavenResp\org\springframework\cloud\spring-cloud-starter-netflix-archaius\2.1.0.RELEASE\spring-cloud-starter-netflix-archaius-2.1.0.RELEASE.jar;D:\soft\mavenResp\org\springframework\cloud\spring-cloud-netflix-archaius\2.1.0.RELEASE\spring-cloud-netflix-archaius-2.1.0.RELEASE.jar;D:\soft\mavenResp\commons-configuration\commons-configuration\1.8\commons-configuration-1.8.jar;D:\soft\mavenResp\commons-lang\commons-lang\2.6\commons-lang-2.6.jar;D:\soft\mavenResp\org\springframework\cloud\spring-cloud-starter-netflix-ribbon\2.1.0.RELEASE\spring-cloud-starter-netflix-ribbon-2.1.0.RELEASE.jar;D:\soft\mavenResp\com\netflix\ribbon\ribbon\2.3.0\ribbon-2.3.0.jar;D:\soft\mavenResp\com\netflix\ribbon\ribbon-transport\2.3.0\ribbon-transport-2.3.0.jar;D:\soft\mavenResp\io\reactivex\rxnetty-contexts\0.4.9\rxnetty-contexts-0.4.9.jar;D:\soft\mavenResp\io\reactivex\rxnetty-servo\0.4.9\rxnetty-servo-0.4.9.jar;D:\soft\mavenResp\io\reactivex\rxnetty\0.4.9\rxnetty-0.4.9.jar;D:\soft\mavenResp\com\netflix\ribbon\ribbon-core\2.3.0\ribbon-core-2.3.0.jar;D:\soft\mavenResp\com\netflix\ribbon\ribbon-httpclient\2.3.0\ribbon-httpclient-2.3.0.jar;D:\soft\mavenResp\commons-collections\commons-collections\3.2.2\commons-collections-3.2.2.jar;D:\soft\mavenResp\com\netflix\netflix-commons\netflix-commons-util\0.3.0\netflix-commons-util-0.3.0.jar;D:\soft\mavenResp\com\netflix\ribbon\ribbon-loadbalancer\2.3.0\ribbon-loadbalancer-2.3.0.jar;D:\soft\mavenResp\com\netflix\netflix-commons\netflix-statistics\0.1.1\netflix-statistics-0.1.1.jar;D:\soft\mavenResp\io\reactivex\rxjava\1.3.8\rxjava-1.3.8.jar;D:\soft\mavenResp\com\netflix\ribbon\ribbon-eureka\2.3.0\ribbon-eureka-2.3.0.jar;D:\soft\mavenResp\com\thoughtworks\xstream\xstream\1.4.10\xstream-1.4.10.jar;D:\soft\mavenResp\xmlpull\xmlpull\1.1.3.1\xmlpull-1.1.3.1.jar;D:\soft\mavenResp\xpp3\xpp3_min\1.1.4c\xpp3_min-1.1.4c.jar;D:\soft\mavenResp\org\springframework\cloud\spring-cloud-starter-netflix-hystrix\2.1.0.RELEASE\spring-cloud-starter-netflix-hystrix-2.1.0.RELEASE.jar;D:\soft\mavenResp\org\springframework\cloud\spring-cloud-netflix-ribbon\2.1.0.RELEASE\spring-cloud-netflix-ribbon-2.1.0.RELEASE.jar;D:\soft\mavenResp\com\netflix\hystrix\hystrix-core\1.5.18\hystrix-core-1.5.18.jar;D:\soft\mavenResp\org\hdrhistogram\HdrHistogram\2.1.9\HdrHistogram-2.1.9.jar;D:\soft\mavenResp\com\netflix\hystrix\hystrix-serialization\1.5.18\hystrix-serialization-1.5.18.jar;D:\soft\mavenResp\com\fasterxml\jackson\module\jackson-module-afterburner\2.9.8\jackson-module-afterburner-2.9.8.jar;D:\soft\mavenResp\com\netflix\hystrix\hystrix-metrics-event-stream\1.5.18\hystrix-metrics-event-stream-1.5.18.jar;D:\soft\mavenResp\com\netflix\hystrix\hystrix-javanica\1.5.18\hystrix-javanica-1.5.18.jar;D:\soft\mavenResp\org\apache\commons\commons-lang3\3.0\commons-lang3-3.0.jar;D:\soft\mavenResp\org\ow2\asm\asm\5.0.4\asm-5.0.4.jar;D:\soft\mavenResp\org\aspectj\aspectjweaver\1.9.2\aspectjweaver-1.9.2.jar;D:\soft\mavenResp\com\google\guava\guava\15.0\guava-15.0.jar;D:\soft\mavenResp\io\reactivex\rxjava-reactive-streams\1.2.1\rxjava-reactive-streams-1.2.1.jar;D:\soft\mavenResp\org\reactivestreams\reactive-streams\1.0.2\reactive-streams-1.0.2.jar;D:\soft\mavenResp\org\springframework\cloud\spring-cloud-starter-openfeign\2.1.0.RELEASE\spring-cloud-starter-openfeign-2.1.0.RELEASE.jar;D:\soft\mavenResp\org\springframework\cloud\spring-cloud-openfeign-core\2.1.0.RELEASE\spring-cloud-openfeign-core-2.1.0.RELEASE.jar;D:\soft\mavenResp\io\github\openfeign\form\feign-form-spring\3.5.0\feign-form-spring-3.5.0.jar;D:\soft\mavenResp\io\github\openfeign\form\feign-form\3.5.0\feign-form-3.5.0.jar;D:\soft\mavenResp\commons-fileupload\commons-fileupload\1.3.3\commons-fileupload-1.3.3.jar;D:\soft\mavenResp\commons-io\commons-io\2.2\commons-io-2.2.jar;D:\soft\mavenResp\org\springframework\spring-web\5.1.5.RELEASE\spring-web-5.1.5.RELEASE.jar;D:\soft\mavenResp\org\springframework\spring-beans\5.1.5.RELEASE\spring-beans-5.1.5.RELEASE.jar;D:\soft\mavenResp\org\springframework\cloud\spring-cloud-commons\2.1.0.RELEASE\spring-cloud-commons-2.1.0.RELEASE.jar;D:\soft\mavenResp\org\springframework\security\spring-security-crypto\5.1.4.RELEASE\spring-security-crypto-5.1.4.RELEASE.jar;D:\soft\mavenResp\io\github\openfeign\feign-core\10.1.0\feign-core-10.1.0.jar;D:\soft\mavenResp\io\github\openfeign\feign-slf4j\10.1.0\feign-slf4j-10.1.0.jar;D:\soft\mavenResp\io\github\openfeign\feign-hystrix\10.1.0\feign-hystrix-10.1.0.jar;D:\soft\mavenResp\org\springframework\cloud\spring-cloud-starter-config\2.1.0.RELEASE\spring-cloud-starter-config-2.1.0.RELEASE.jar;D:\soft\mavenResp\org\springframework\cloud\spring-cloud-config-client\2.1.0.RELEASE\spring-cloud-config-client-2.1.0.RELEASE.jar;D:\soft\mavenResp\com\fasterxml\jackson\core\jackson-databind\2.9.8\jackson-databind-2.9.8.jar;"/>
    <property name="java.vm.vendor" value="Oracle Corporation"/>
    <property name="sun.arch.data.model" value="64"/>
    <property name="user.variant" value=""/>
    <property name="java.vendor.url" value="http://java.oracle.com/"/>
    <property name="user.timezone" value="Asia/Shanghai"/>
    <property name="java.vm.specification.version" value="1.8"/>
    <property name="os.name" value="Windows 7"/>
    <property name="user.country" value="CN"/>
    <property name="sun.java.launcher" value="SUN_STANDARD"/>
    <property name="sun.boot.library.path" value="D:\Program Files (x86)\java\jre\bin"/>
    <property name="sun.java.command" value="C:\Users\way\AppData\Local\Temp\surefire4084079318107718881\surefirebooter3132665859788165680.jar C:\Users\way\AppData\Local\Temp\surefire4084079318107718881 2019-03-14T16-52-43_290-jvmRun1 surefire2369572343804734405tmp surefire_05448478607607699427tmp"/>
    <property name="surefire.test.class.path" value="D:\soft\workspace\hyway\hyway-cloud\hyway-service-zipkin\target\test-classes;D:\soft\workspace\hyway\hyway-cloud\hyway-service-zipkin\target\classes;D:\soft\mavenResp\org\springframework\boot\spring-boot-starter-tomcat\2.1.3.RELEASE\spring-boot-starter-tomcat-2.1.3.RELEASE.jar;D:\soft\mavenResp\javax\annotation\javax.annotation-api\1.3.2\javax.annotation-api-1.3.2.jar;D:\soft\mavenResp\org\apache\tomcat\embed\tomcat-embed-core\9.0.16\tomcat-embed-core-9.0.16.jar;D:\soft\mavenResp\org\apache\tomcat\embed\tomcat-embed-el\9.0.16\tomcat-embed-el-9.0.16.jar;D:\soft\mavenResp\org\apache\tomcat\embed\tomcat-embed-websocket\9.0.16\tomcat-embed-websocket-9.0.16.jar;D:\soft\mavenResp\org\springframework\boot\spring-boot-starter-test\2.1.3.RELEASE\spring-boot-starter-test-2.1.3.RELEASE.jar;D:\soft\mavenResp\org\springframework\boot\spring-boot-starter\2.1.3.RELEASE\spring-boot-starter-2.1.3.RELEASE.jar;D:\soft\mavenResp\org\springframework\boot\spring-boot\2.1.3.RELEASE\spring-boot-2.1.3.RELEASE.jar;D:\soft\mavenResp\org\springframework\spring-context\5.1.5.RELEASE\spring-context-5.1.5.RELEASE.jar;D:\soft\mavenResp\org\springframework\boot\spring-boot-starter-logging\2.1.3.RELEASE\spring-boot-starter-logging-2.1.3.RELEASE.jar;D:\soft\mavenResp\ch\qos\logback\logback-classic\1.2.3\logback-classic-1.2.3.jar;D:\soft\mavenResp\ch\qos\logback\logback-core\1.2.3\logback-core-1.2.3.jar;D:\soft\mavenResp\org\apache\logging\log4j\log4j-to-slf4j\2.11.2\log4j-to-slf4j-2.11.2.jar;D:\soft\mavenResp\org\yaml\snakeyaml\1.23\snakeyaml-1.23.jar;D:\soft\mavenResp\org\springframework\boot\spring-boot-test\2.1.3.RELEASE\spring-boot-test-2.1.3.RELEASE.jar;D:\soft\mavenResp\org\springframework\boot\spring-boot-test-autoconfigure\2.1.3.RELEASE\spring-boot-test-autoconfigure-2.1.3.RELEASE.jar;D:\soft\mavenResp\com\jayway\jsonpath\json-path\2.4.0\json-path-2.4.0.jar;D:\soft\mavenResp\net\minidev\json-smart\2.3\json-smart-2.3.jar;D:\soft\mavenResp\net\minidev\accessors-smart\1.2\accessors-smart-1.2.jar;D:\soft\mavenResp\org\slf4j\slf4j-api\1.7.25\slf4j-api-1.7.25.jar;D:\soft\mavenResp\junit\junit\4.12\junit-4.12.jar;D:\soft\mavenResp\org\assertj\assertj-core\3.11.1\assertj-core-3.11.1.jar;D:\soft\mavenResp\org\mockito\mockito-core\2.23.4\mockito-core-2.23.4.jar;D:\soft\mavenResp\net\bytebuddy\byte-buddy\1.9.10\byte-buddy-1.9.10.jar;D:\soft\mavenResp\net\bytebuddy\byte-buddy-agent\1.9.10\byte-buddy-agent-1.9.10.jar;D:\soft\mavenResp\org\objenesis\objenesis\2.6\objenesis-2.6.jar;D:\soft\mavenResp\org\hamcrest\hamcrest-core\1.3\hamcrest-core-1.3.jar;D:\soft\mavenResp\org\hamcrest\hamcrest-library\1.3\hamcrest-library-1.3.jar;D:\soft\mavenResp\org\skyscreamer\jsonassert\1.5.0\jsonassert-1.5.0.jar;D:\soft\mavenResp\com\vaadin\external\google\android-json\0.0.20131108.vaadin1\android-json-0.0.20131108.vaadin1.jar;D:\soft\mavenResp\org\springframework\spring-core\5.1.5.RELEASE\spring-core-5.1.5.RELEASE.jar;D:\soft\mavenResp\org\springframework\spring-jcl\5.1.5.RELEASE\spring-jcl-5.1.5.RELEASE.jar;D:\soft\mavenResp\org\springframework\spring-test\5.1.5.RELEASE\spring-test-5.1.5.RELEASE.jar;D:\soft\mavenResp\org\xmlunit\xmlunit-core\2.6.2\xmlunit-core-2.6.2.jar;D:\soft\mavenResp\io\zipkin\java\zipkin-autoconfigure-ui\2.10.1\zipkin-autoconfigure-ui-2.10.1.jar;D:\soft\mavenResp\org\springframework\boot\spring-boot-starter-web\2.1.3.RELEASE\spring-boot-starter-web-2.1.3.RELEASE.jar;D:\soft\mavenResp\org\springframework\boot\spring-boot-starter-json\2.1.3.RELEASE\spring-boot-starter-json-2.1.3.RELEASE.jar;D:\soft\mavenResp\com\fasterxml\jackson\datatype\jackson-datatype-jdk8\2.9.8\jackson-datatype-jdk8-2.9.8.jar;D:\soft\mavenResp\com\fasterxml\jackson\datatype\jackson-datatype-jsr310\2.9.8\jackson-datatype-jsr310-2.9.8.jar;D:\soft\mavenResp\com\fasterxml\jackson\module\jackson-module-parameter-names\2.9.8\jackson-module-parameter-names-2.9.8.jar;D:\soft\mavenResp\org\hibernate\validator\hibernate-validator\6.0.14.Final\hibernate-validator-6.0.14.Final.jar;D:\soft\mavenResp\javax\validation\validation-api\2.0.1.Final\validation-api-2.0.1.Final.jar;D:\soft\mavenResp\org\jboss\logging\jboss-logging\3.3.2.Final\jboss-logging-3.3.2.Final.jar;D:\soft\mavenResp\com\fasterxml\classmate\1.4.0\classmate-1.4.0.jar;D:\soft\mavenResp\org\springframework\spring-webmvc\5.1.5.RELEASE\spring-webmvc-5.1.5.RELEASE.jar;D:\soft\mavenResp\org\springframework\spring-aop\5.1.5.RELEASE\spring-aop-5.1.5.RELEASE.jar;D:\soft\mavenResp\org\springframework\spring-expression\5.1.5.RELEASE\spring-expression-5.1.5.RELEASE.jar;D:\soft\mavenResp\io\zipkin\java\zipkin-ui\2.10.1\zipkin-ui-2.10.1.jar;D:\soft\mavenResp\org\jsoup\jsoup\1.11.3\jsoup-1.11.3.jar;D:\soft\mavenResp\org\springframework\boot\spring-boot-autoconfigure\2.1.3.RELEASE\spring-boot-autoconfigure-2.1.3.RELEASE.jar;D:\soft\mavenResp\io\zipkin\java\zipkin-server\2.10.1\zipkin-server-2.10.1.jar;D:\soft\mavenResp\org\springframework\boot\spring-boot-starter-log4j2\2.1.3.RELEASE\spring-boot-starter-log4j2-2.1.3.RELEASE.jar;D:\soft\mavenResp\org\apache\logging\log4j\log4j-slf4j-impl\2.11.2\log4j-slf4j-impl-2.11.2.jar;D:\soft\mavenResp\org\apache\logging\log4j\log4j-api\2.11.2\log4j-api-2.11.2.jar;D:\soft\mavenResp\org\apache\logging\log4j\log4j-core\2.11.2\log4j-core-2.11.2.jar;D:\soft\mavenResp\org\apache\logging\log4j\log4j-jul\2.11.2\log4j-jul-2.11.2.jar;D:\soft\mavenResp\org\slf4j\jul-to-slf4j\1.7.25\jul-to-slf4j-1.7.25.jar;D:\soft\mavenResp\org\springframework\boot\spring-boot-starter-undertow\2.1.3.RELEASE\spring-boot-starter-undertow-2.1.3.RELEASE.jar;D:\soft\mavenResp\io\undertow\undertow-core\2.0.17.Final\undertow-core-2.0.17.Final.jar;D:\soft\mavenResp\org\jboss\xnio\xnio-api\3.3.8.Final\xnio-api-3.3.8.Final.jar;D:\soft\mavenResp\org\jboss\xnio\xnio-nio\3.3.8.Final\xnio-nio-3.3.8.Final.jar;D:\soft\mavenResp\io\undertow\undertow-servlet\2.0.17.Final\undertow-servlet-2.0.17.Final.jar;D:\soft\mavenResp\org\jboss\spec\javax\annotation\jboss-annotations-api_1.2_spec\1.0.2.Final\jboss-annotations-api_1.2_spec-1.0.2.Final.jar;D:\soft\mavenResp\io\undertow\undertow-websockets-jsr\2.0.17.Final\undertow-websockets-jsr-2.0.17.Final.jar;D:\soft\mavenResp\org\jboss\spec\javax\websocket\jboss-websocket-api_1.1_spec\1.1.3.Final\jboss-websocket-api_1.1_spec-1.1.3.Final.jar;D:\soft\mavenResp\javax\servlet\javax.servlet-api\4.0.1\javax.servlet-api-4.0.1.jar;D:\soft\mavenResp\org\glassfish\javax.el\3.0.0\javax.el-3.0.0.jar;D:\soft\mavenResp\org\springframework\boot\spring-boot-starter-actuator\2.1.3.RELEASE\spring-boot-starter-actuator-2.1.3.RELEASE.jar;D:\soft\mavenResp\org\springframework\boot\spring-boot-actuator-autoconfigure\2.1.3.RELEASE\spring-boot-actuator-autoconfigure-2.1.3.RELEASE.jar;D:\soft\mavenResp\org\springframework\boot\spring-boot-actuator\2.1.3.RELEASE\spring-boot-actuator-2.1.3.RELEASE.jar;D:\soft\mavenResp\io\micrometer\micrometer-core\1.1.3\micrometer-core-1.1.3.jar;D:\soft\mavenResp\org\latencyutils\LatencyUtils\2.0.3\LatencyUtils-2.0.3.jar;D:\soft\mavenResp\io\zipkin\zipkin2\zipkin\2.10.1\zipkin-2.10.1.jar;D:\soft\mavenResp\io\zipkin\zipkin2\zipkin-collector\2.10.1\zipkin-collector-2.10.1.jar;D:\soft\mavenResp\io\zipkin\java\zipkin-autoconfigure-metrics-prometheus\2.10.1\zipkin-autoconfigure-metrics-prometheus-2.10.1.jar;D:\soft\mavenResp\io\micrometer\micrometer-registry-prometheus\1.1.3\micrometer-registry-prometheus-1.1.3.jar;D:\soft\mavenResp\io\prometheus\simpleclient_common\0.5.0\simpleclient_common-0.5.0.jar;D:\soft\mavenResp\io\prometheus\simpleclient\0.5.0\simpleclient-0.5.0.jar;D:\soft\mavenResp\org\springframework\cloud\spring-cloud-starter-netflix-eureka-client\2.1.0.RELEASE\spring-cloud-starter-netflix-eureka-client-2.1.0.RELEASE.jar;D:\soft\mavenResp\org\springframework\cloud\spring-cloud-starter\2.1.0.RELEASE\spring-cloud-starter-2.1.0.RELEASE.jar;D:\soft\mavenResp\org\springframework\cloud\spring-cloud-context\2.1.0.RELEASE\spring-cloud-context-2.1.0.RELEASE.jar;D:\soft\mavenResp\org\springframework\security\spring-security-rsa\1.0.7.RELEASE\spring-security-rsa-1.0.7.RELEASE.jar;D:\soft\mavenResp\org\bouncycastle\bcpkix-jdk15on\1.60\bcpkix-jdk15on-1.60.jar;D:\soft\mavenResp\org\bouncycastle\bcprov-jdk15on\1.60\bcprov-jdk15on-1.60.jar;D:\soft\mavenResp\org\springframework\cloud\spring-cloud-netflix-hystrix\2.1.0.RELEASE\spring-cloud-netflix-hystrix-2.1.0.RELEASE.jar;D:\soft\mavenResp\org\springframework\boot\spring-boot-starter-aop\2.1.3.RELEASE\spring-boot-starter-aop-2.1.3.RELEASE.jar;D:\soft\mavenResp\org\springframework\cloud\spring-cloud-netflix-eureka-client\2.1.0.RELEASE\spring-cloud-netflix-eureka-client-2.1.0.RELEASE.jar;D:\soft\mavenResp\com\netflix\eureka\eureka-client\1.9.8\eureka-client-1.9.8.jar;D:\soft\mavenResp\org\codehaus\jettison\jettison\1.3.7\jettison-1.3.7.jar;D:\soft\mavenResp\stax\stax-api\1.0.1\stax-api-1.0.1.jar;D:\soft\mavenResp\com\netflix\netflix-commons\netflix-eventbus\0.3.0\netflix-eventbus-0.3.0.jar;D:\soft\mavenResp\com\netflix\netflix-commons\netflix-infix\0.3.0\netflix-infix-0.3.0.jar;D:\soft\mavenResp\commons-jxpath\commons-jxpath\1.3\commons-jxpath-1.3.jar;D:\soft\mavenResp\joda-time\joda-time\2.10.1\joda-time-2.10.1.jar;D:\soft\mavenResp\org\antlr\antlr-runtime\3.4\antlr-runtime-3.4.jar;D:\soft\mavenResp\org\antlr\stringtemplate\3.2.1\stringtemplate-3.2.1.jar;D:\soft\mavenResp\antlr\antlr\2.7.7\antlr-2.7.7.jar;D:\soft\mavenResp\com\google\code\gson\gson\2.8.5\gson-2.8.5.jar;D:\soft\mavenResp\org\apache\commons\commons-math\2.2\commons-math-2.2.jar;D:\soft\mavenResp\com\netflix\archaius\archaius-core\0.7.6\archaius-core-0.7.6.jar;D:\soft\mavenResp\javax\ws\rs\jsr311-api\1.1.1\jsr311-api-1.1.1.jar;D:\soft\mavenResp\com\netflix\servo\servo-core\0.12.21\servo-core-0.12.21.jar;D:\soft\mavenResp\com\sun\jersey\jersey-core\1.19.1\jersey-core-1.19.1.jar;D:\soft\mavenResp\com\sun\jersey\jersey-client\1.19.1\jersey-client-1.19.1.jar;D:\soft\mavenResp\com\sun\jersey\contribs\jersey-apache-client4\1.19.1\jersey-apache-client4-1.19.1.jar;D:\soft\mavenResp\org\apache\httpcomponents\httpclient\4.5.1\httpclient-4.5.1.jar;D:\soft\mavenResp\org\apache\httpcomponents\httpcore\4.4.11\httpcore-4.4.11.jar;D:\soft\mavenResp\commons-codec\commons-codec\1.12\commons-codec-1.12.jar;D:\soft\mavenResp\com\google\inject\guice\4.1.0\guice-4.1.0.jar;D:\soft\mavenResp\javax\inject\javax.inject\1\javax.inject-1.jar;D:\soft\mavenResp\aopalliance\aopalliance\1.0\aopalliance-1.0.jar;D:\soft\mavenResp\com\github\vlsi\compactmap\compactmap\1.2.1\compactmap-1.2.1.jar;D:\soft\mavenResp\com\github\andrewoma\dexx\dexx-collections\0.2\dexx-collections-0.2.jar;D:\soft\mavenResp\com\fasterxml\jackson\core\jackson-annotations\2.9.0\jackson-annotations-2.9.0.jar;D:\soft\mavenResp\com\fasterxml\jackson\core\jackson-core\2.9.8\jackson-core-2.9.8.jar;D:\soft\mavenResp\com\netflix\eureka\eureka-core\1.9.8\eureka-core-1.9.8.jar;D:\soft\mavenResp\org\codehaus\woodstox\woodstox-core-asl\4.4.1\woodstox-core-asl-4.4.1.jar;D:\soft\mavenResp\javax\xml\stream\stax-api\1.0-2\stax-api-1.0-2.jar;D:\soft\mavenResp\org\codehaus\woodstox\stax2-api\3.1.4\stax2-api-3.1.4.jar;D:\soft\mavenResp\org\springframework\cloud\spring-cloud-starter-netflix-archaius\2.1.0.RELEASE\spring-cloud-starter-netflix-archaius-2.1.0.RELEASE.jar;D:\soft\mavenResp\org\springframework\cloud\spring-cloud-netflix-archaius\2.1.0.RELEASE\spring-cloud-netflix-archaius-2.1.0.RELEASE.jar;D:\soft\mavenResp\commons-configuration\commons-configuration\1.8\commons-configuration-1.8.jar;D:\soft\mavenResp\commons-lang\commons-lang\2.6\commons-lang-2.6.jar;D:\soft\mavenResp\org\springframework\cloud\spring-cloud-starter-netflix-ribbon\2.1.0.RELEASE\spring-cloud-starter-netflix-ribbon-2.1.0.RELEASE.jar;D:\soft\mavenResp\com\netflix\ribbon\ribbon\2.3.0\ribbon-2.3.0.jar;D:\soft\mavenResp\com\netflix\ribbon\ribbon-transport\2.3.0\ribbon-transport-2.3.0.jar;D:\soft\mavenResp\io\reactivex\rxnetty-contexts\0.4.9\rxnetty-contexts-0.4.9.jar;D:\soft\mavenResp\io\reactivex\rxnetty-servo\0.4.9\rxnetty-servo-0.4.9.jar;D:\soft\mavenResp\io\reactivex\rxnetty\0.4.9\rxnetty-0.4.9.jar;D:\soft\mavenResp\com\netflix\ribbon\ribbon-core\2.3.0\ribbon-core-2.3.0.jar;D:\soft\mavenResp\com\netflix\ribbon\ribbon-httpclient\2.3.0\ribbon-httpclient-2.3.0.jar;D:\soft\mavenResp\commons-collections\commons-collections\3.2.2\commons-collections-3.2.2.jar;D:\soft\mavenResp\com\netflix\netflix-commons\netflix-commons-util\0.3.0\netflix-commons-util-0.3.0.jar;D:\soft\mavenResp\com\netflix\ribbon\ribbon-loadbalancer\2.3.0\ribbon-loadbalancer-2.3.0.jar;D:\soft\mavenResp\com\netflix\netflix-commons\netflix-statistics\0.1.1\netflix-statistics-0.1.1.jar;D:\soft\mavenResp\io\reactivex\rxjava\1.3.8\rxjava-1.3.8.jar;D:\soft\mavenResp\com\netflix\ribbon\ribbon-eureka\2.3.0\ribbon-eureka-2.3.0.jar;D:\soft\mavenResp\com\thoughtworks\xstream\xstream\1.4.10\xstream-1.4.10.jar;D:\soft\mavenResp\xmlpull\xmlpull\1.1.3.1\xmlpull-1.1.3.1.jar;D:\soft\mavenResp\xpp3\xpp3_min\1.1.4c\xpp3_min-1.1.4c.jar;D:\soft\mavenResp\org\springframework\cloud\spring-cloud-starter-netflix-hystrix\2.1.0.RELEASE\spring-cloud-starter-netflix-hystrix-2.1.0.RELEASE.jar;D:\soft\mavenResp\org\springframework\cloud\spring-cloud-netflix-ribbon\2.1.0.RELEASE\spring-cloud-netflix-ribbon-2.1.0.RELEASE.jar;D:\soft\mavenResp\com\netflix\hystrix\hystrix-core\1.5.18\hystrix-core-1.5.18.jar;D:\soft\mavenResp\org\hdrhistogram\HdrHistogram\2.1.9\HdrHistogram-2.1.9.jar;D:\soft\mavenResp\com\netflix\hystrix\hystrix-serialization\1.5.18\hystrix-serialization-1.5.18.jar;D:\soft\mavenResp\com\fasterxml\jackson\module\jackson-module-afterburner\2.9.8\jackson-module-afterburner-2.9.8.jar;D:\soft\mavenResp\com\netflix\hystrix\hystrix-metrics-event-stream\1.5.18\hystrix-metrics-event-stream-1.5.18.jar;D:\soft\mavenResp\com\netflix\hystrix\hystrix-javanica\1.5.18\hystrix-javanica-1.5.18.jar;D:\soft\mavenResp\org\apache\commons\commons-lang3\3.0\commons-lang3-3.0.jar;D:\soft\mavenResp\org\ow2\asm\asm\5.0.4\asm-5.0.4.jar;D:\soft\mavenResp\org\aspectj\aspectjweaver\1.9.2\aspectjweaver-1.9.2.jar;D:\soft\mavenResp\com\google\guava\guava\15.0\guava-15.0.jar;D:\soft\mavenResp\io\reactivex\rxjava-reactive-streams\1.2.1\rxjava-reactive-streams-1.2.1.jar;D:\soft\mavenResp\org\reactivestreams\reactive-streams\1.0.2\reactive-streams-1.0.2.jar;D:\soft\mavenResp\org\springframework\cloud\spring-cloud-starter-openfeign\2.1.0.RELEASE\spring-cloud-starter-openfeign-2.1.0.RELEASE.jar;D:\soft\mavenResp\org\springframework\cloud\spring-cloud-openfeign-core\2.1.0.RELEASE\spring-cloud-openfeign-core-2.1.0.RELEASE.jar;D:\soft\mavenResp\io\github\openfeign\form\feign-form-spring\3.5.0\feign-form-spring-3.5.0.jar;D:\soft\mavenResp\io\github\openfeign\form\feign-form\3.5.0\feign-form-3.5.0.jar;D:\soft\mavenResp\commons-fileupload\commons-fileupload\1.3.3\commons-fileupload-1.3.3.jar;D:\soft\mavenResp\commons-io\commons-io\2.2\commons-io-2.2.jar;D:\soft\mavenResp\org\springframework\spring-web\5.1.5.RELEASE\spring-web-5.1.5.RELEASE.jar;D:\soft\mavenResp\org\springframework\spring-beans\5.1.5.RELEASE\spring-beans-5.1.5.RELEASE.jar;D:\soft\mavenResp\org\springframework\cloud\spring-cloud-commons\2.1.0.RELEASE\spring-cloud-commons-2.1.0.RELEASE.jar;D:\soft\mavenResp\org\springframework\security\spring-security-crypto\5.1.4.RELEASE\spring-security-crypto-5.1.4.RELEASE.jar;D:\soft\mavenResp\io\github\openfeign\feign-core\10.1.0\feign-core-10.1.0.jar;D:\soft\mavenResp\io\github\openfeign\feign-slf4j\10.1.0\feign-slf4j-10.1.0.jar;D:\soft\mavenResp\io\github\openfeign\feign-hystrix\10.1.0\feign-hystrix-10.1.0.jar;D:\soft\mavenResp\org\springframework\cloud\spring-cloud-starter-config\2.1.0.RELEASE\spring-cloud-starter-config-2.1.0.RELEASE.jar;D:\soft\mavenResp\org\springframework\cloud\spring-cloud-config-client\2.1.0.RELEASE\spring-cloud-config-client-2.1.0.RELEASE.jar;D:\soft\mavenResp\com\fasterxml\jackson\core\jackson-databind\2.9.8\jackson-databind-2.9.8.jar;"/>
    <property name="sun.cpu.endian" value="little"/>
    <property name="user.home" value="C:\Users\way"/>
    <property name="user.language" value="zh"/>
    <property name="java.specification.vendor" value="Oracle Corporation"/>
    <property name="java.home" value="D:\Program Files (x86)\java\jre"/>
    <property name="basedir" value="D:\soft\workspace\hyway\hyway-cloud\hyway-service-zipkin"/>
    <property name="file.separator" value="\"/>
    <property name="line.separator" value="&#10;"/>
    <property name="java.vm.specification.vendor" value="Oracle Corporation"/>
    <property name="java.specification.name" value="Java Platform API Specification"/>
    <property name="java.awt.graphicsenv" value="sun.awt.Win32GraphicsEnvironment"/>
    <property name="surefire.real.class.path" value="C:\Users\way\AppData\Local\Temp\surefire4084079318107718881\surefirebooter3132665859788165680.jar"/>
    <property name="sun.boot.class.path" value="D:\Program Files (x86)\java\jre\lib\resources.jar;D:\Program Files (x86)\java\jre\lib\rt.jar;D:\Program Files (x86)\java\jre\lib\sunrsasign.jar;D:\Program Files (x86)\java\jre\lib\jsse.jar;D:\Program Files (x86)\java\jre\lib\jce.jar;D:\Program Files (x86)\java\jre\lib\charsets.jar;D:\Program Files (x86)\java\jre\lib\jfr.jar;D:\Program Files (x86)\java\jre\classes"/>
    <property name="user.script" value=""/>
    <property name="sun.management.compiler" value="HotSpot 64-Bit Tiered Compilers"/>
    <property name="java.runtime.version" value="1.8.0_92-b14"/>
    <property name="user.name" value="way"/>
    <property name="path.separator" value=";"/>
    <property name="os.version" value="6.1"/>
    <property name="java.endorsed.dirs" value="D:\Program Files (x86)\java\jre\lib\endorsed"/>
    <property name="java.runtime.name" value="Java(TM) SE Runtime Environment"/>
    <property name="file.encoding" value="GBK"/>
    <property name="java.vm.name" value="Java HotSpot(TM) 64-Bit Server VM"/>
    <property name="localRepository" value="D:\soft\mavenResp"/>
    <property name="java.vendor.url.bug" value="http://bugreport.sun.com/bugreport/"/>
    <property name="java.io.tmpdir" value="C:\Users\way\AppData\Local\Temp\"/>
    <property name="java.version" value="1.8.0_92"/>
    <property name="user.dir" value="D:\soft\workspace\hyway\hyway-cloud\hyway-service-zipkin"/>
    <property name="os.arch" value="amd64"/>
    <property name="java.vm.specification.name" value="Java Virtual Machine Specification"/>
    <property name="java.awt.printerjob" value="sun.awt.windows.WPrinterJob"/>
    <property name="sun.os.patch.level" value="Service Pack 1"/>
    <property name="java.library.path" value="D:\Program Files (x86)\java\jre\bin;C:\Windows\Sun\Java\bin;C:\Windows\system32;C:\Windows;D:/Program Files (x86)/java/bin/../jre/bin/server;D:/Program Files (x86)/java/bin/../jre/bin;D:/Program Files (x86)/java/bin/../jre/lib/amd64;C:\Windows\system32;C:\Windows;C:\Windows\System32\Wbem;C:\Windows\System32\WindowsPowerShell\v1.0\;C:\Program Files (x86)\NVIDIA Corporation\PhysX\Common;D:\Program Files (x86)\nodejs\;D:\Program Files (x86)\Git\cmd;D:\Program Files (x86)\java\bin;D:\soft\eclipse;;."/>
    <property name="java.vm.info" value="mixed mode"/>
    <property name="java.vendor" value="Oracle Corporation"/>
    <property name="java.vm.version" value="25.92-b14"/>
    <property name="java.ext.dirs" value="D:\Program Files (x86)\java\jre\lib\ext;C:\Windows\Sun\Java\lib\ext"/>
    <property name="sun.io.unicode.encoding" value="UnicodeLittle"/>
    <property name="java.class.version" value="52.0"/>
  </properties>
  <testcase name="testApp" classname="org.hyway.service.zipkin.AppTest" time="0.001"/>
</testsuite>